[0.062s] Invoking command in '/home/toni/nova_ws/build/nova_gazebo': CMAKE_PREFIX_PATH=/home/toni/nova_ws/install/nova_description:/home/toni/nova_ws/install/nova_gazebo:/home/toni/nova_ws/install/nova_bringup:/home/toni/sam_ws/install/sam_bot_bringup:/home/toni/sam_ws/install/sam_bot_description:/home/toni/sam_ws/install/sam_bot_navigation:/opt/ros/humble /usr/bin/cmake --build /home/toni/nova_ws/build/nova_gazebo -- -j12 -l12
[0.093s] Invoked command in '/home/toni/nova_ws/build/nova_gazebo' returned '0': CMAKE_PREFIX_PATH=/home/toni/nova_ws/install/nova_description:/home/toni/nova_ws/install/nova_gazebo:/home/toni/nova_ws/install/nova_bringup:/home/toni/sam_ws/install/sam_bot_bringup:/home/toni/sam_ws/install/sam_bot_description:/home/toni/sam_ws/install/sam_bot_navigation:/opt/ros/humble /usr/bin/cmake --build /home/toni/nova_ws/build/nova_gazebo -- -j12 -l12
[0.095s] Invoking command in '/home/toni/nova_ws/build/nova_gazebo': CMAKE_PREFIX_PATH=/home/toni/nova_ws/install/nova_description:/home/toni/nova_ws/install/nova_gazebo:/home/toni/nova_ws/install/nova_bringup:/home/toni/sam_ws/install/sam_bot_bringup:/home/toni/sam_ws/install/sam_bot_description:/home/toni/sam_ws/install/sam_bot_navigation:/opt/ros/humble /usr/bin/cmake --install /home/toni/nova_ws/build/nova_gazebo
[0.100s] -- Install configuration: ""
[0.101s] -- Execute custom install script
[0.101s] -- Up-to-date symlink: /home/toni/nova_ws/install/nova_gazebo/share/nova_gazebo/worlds/my_world.sdf
[0.101s] -- Up-to-date symlink: /home/toni/nova_ws/install/nova_gazebo/share/ament_index/resource_index/package_run_dependencies/nova_gazebo
[0.101s] -- Up-to-date symlink: /home/toni/nova_ws/install/nova_gazebo/share/ament_index/resource_index/parent_prefix_path/nova_gazebo
[0.102s] -- Up-to-date symlink: /home/toni/nova_ws/install/nova_gazebo/share/nova_gazebo/environment/ament_prefix_path.sh
[0.102s] -- Up-to-date symlink: /home/toni/nova_ws/install/nova_gazebo/share/nova_gazebo/environment/ament_prefix_path.dsv
[0.102s] -- Up-to-date symlink: /home/toni/nova_ws/install/nova_gazebo/share/nova_gazebo/environment/path.sh
[0.102s] -- Up-to-date symlink: /home/toni/nova_ws/install/nova_gazebo/share/nova_gazebo/environment/path.dsv
[0.102s] -- Up-to-date symlink: /home/toni/nova_ws/install/nova_gazebo/share/nova_gazebo/local_setup.bash
[0.103s] -- Up-to-date symlink: /home/toni/nova_ws/install/nova_gazebo/share/nova_gazebo/local_setup.sh
[0.103s] -- Up-to-date symlink: /home/toni/nova_ws/install/nova_gazebo/share/nova_gazebo/local_setup.zsh
[0.103s] -- Up-to-date symlink: /home/toni/nova_ws/install/nova_gazebo/share/nova_gazebo/local_setup.dsv
[0.103s] -- Symlinking: /home/toni/nova_ws/install/nova_gazebo/share/nova_gazebo/package.dsv
[0.110s] -- Up-to-date symlink: /home/toni/nova_ws/install/nova_gazebo/share/ament_index/resource_index/packages/nova_gazebo
[0.110s] -- Up-to-date symlink: /home/toni/nova_ws/install/nova_gazebo/share/nova_gazebo/cmake/nova_gazeboConfig.cmake
[0.110s] -- Up-to-date symlink: /home/toni/nova_ws/install/nova_gazebo/share/nova_gazebo/cmake/nova_gazeboConfig-version.cmake
[0.110s] -- Up-to-date symlink: /home/toni/nova_ws/install/nova_gazebo/share/nova_gazebo/package.xml
[0.112s] Invoked command in '/home/toni/nova_ws/build/nova_gazebo' returned '0': CMAKE_PREFIX_PATH=/home/toni/nova_ws/install/nova_description:/home/toni/nova_ws/install/nova_gazebo:/home/toni/nova_ws/install/nova_bringup:/home/toni/sam_ws/install/sam_bot_bringup:/home/toni/sam_ws/install/sam_bot_description:/home/toni/sam_ws/install/sam_bot_navigation:/opt/ros/humble /usr/bin/cmake --install /home/toni/nova_ws/build/nova_gazebo
