[0.023s] Invoking command in '/home/toni/nova_ws/build/nova_gazebo': /usr/bin/cmake /home/toni/nova_ws/src/nova_gazebo -DCMAKE_INSTALL_PREFIX=/home/toni/nova_ws/install/nova_gazebo
[0.431s] -- The C compiler identification is GNU 11.4.0
[1.094s] -- The CXX compiler identification is GNU 11.4.0
[1.407s] -- Detecting C compiler ABI info
[1.569s] -- Detecting C compiler ABI info - done
[1.575s] -- Check for working C compiler: /usr/bin/cc - skipped
[1.576s] -- Detecting C compile features
[1.577s] -- Detecting C compile features - done
[1.581s] -- Detecting CXX compiler ABI info
[1.720s] -- Detecting CXX compiler ABI info - done
[1.727s] -- Check for working CXX compiler: /usr/bin/c++ - skipped
[1.728s] -- Detecting CXX compile features
[1.728s] -- Detecting CXX compile features - done
[1.748s] -- Found ament_cmake: 1.3.11 (/opt/ros/humble/share/ament_cmake/cmake)
[1.901s] -- Found Python3: /usr/bin/python3 (found version "3.10.12") found components: Interpreter 
[2.054s] -- Found rclcpp: 16.0.11 (/opt/ros/humble/share/rclcpp/cmake)
[2.316s] -- Found rosidl_generator_c: 3.1.6 (/opt/ros/humble/share/rosidl_generator_c/cmake)
[2.328s] -- Found rosidl_adapter: 3.1.6 (/opt/ros/humble/share/rosidl_adapter/cmake)
[2.347s] -- Found rosidl_generator_cpp: 3.1.6 (/opt/ros/humble/share/rosidl_generator_cpp/cmake)
[2.385s] -- Using all available rosidl_typesupport_c: rosidl_typesupport_fastrtps_c;rosidl_typesupport_introspection_c
[2.417s] -- Using all available rosidl_typesupport_cpp: rosidl_typesupport_fastrtps_cpp;rosidl_typesupport_introspection_cpp
[2.554s] -- Found rmw_implementation_cmake: 6.1.2 (/opt/ros/humble/share/rmw_implementation_cmake/cmake)
[2.562s] -- Found rmw_cyclonedds_cpp: 1.3.4 (/opt/ros/humble/share/rmw_cyclonedds_cpp/cmake)
[2.614s] -- Using RMW implementation 'rmw_cyclonedds_cpp' as default
[2.638s] -- Looking for pthread.h
[2.846s] -- Looking for pthread.h - found
[2.846s] -- Performing Test CMAKE_HAVE_LIBC_PTHREAD
[3.042s] -- Performing Test CMAKE_HAVE_LIBC_PTHREAD - Success
[3.043s] -- Found Threads: TRUE  
[3.148s] -- Found gazebo_ros: 3.9.0 (/opt/ros/humble/share/gazebo_ros/cmake)
[3.173s] -- Found PkgConfig: /usr/bin/pkg-config (found version "0.29.2") 
[3.174s] -- Checking for module 'bullet>=2.82'
[3.196s] --   Found bullet, version 3.05
[3.360s] -- Found fcl: /usr/include (found suitable version "0.7.0", minimum required is "0.5.0") 
[3.400s] -- Found assimp: /usr/include (found version "5.2.0") 
[3.448s] -- Found DART: /usr/include (Required is at least version "6.6") found components: dart 
[3.487s] -- Found Boost: /usr/lib/x86_64-linux-gnu/cmake/Boost-1.74.0/BoostConfig.cmake (found suitable version "1.74.0", minimum required is "1.40.0") found components: thread system filesystem program_options regex iostreams date_time 
[3.968s] -- Found Protobuf: /usr/lib/x86_64-linux-gnu/libprotobuf.so (found version "3.12.4") 
[3.982s] -- Looking for ignition-math6 -- found version 6.15.1
[4.009s] -- Searching for dependencies of ignition-math6
[4.017s] -- Looking for OGRE...
[4.017s] -- OGRE_PREFIX_WATCH changed.
[4.024s] -- Checking for module 'OGRE'
[4.036s] --   Found OGRE, version 1.9.0
[4.063s] -- Found Ogre Ghadamon (1.9.0)
[4.548s] -- Found OGRE: optimized;/usr/lib/x86_64-linux-gnu/libOgreMain.so;debug;/usr/lib/x86_64-linux-gnu/libOgreMain.so
[4.556s] -- Looking for OGRE_Paging...
[5.021s] -- Found OGRE_Paging: optimized;/usr/lib/x86_64-linux-gnu/libOgrePaging.so;debug;/usr/lib/x86_64-linux-gnu/libOgrePaging.so
[5.021s] -- Looking for OGRE_Terrain...
[5.461s] -- Found OGRE_Terrain: optimized;/usr/lib/x86_64-linux-gnu/libOgreTerrain.so;debug;/usr/lib/x86_64-linux-gnu/libOgreTerrain.so
[5.461s] -- Looking for OGRE_Property...
[5.898s] -- Found OGRE_Property: optimized;/usr/lib/x86_64-linux-gnu/libOgreProperty.so;debug;/usr/lib/x86_64-linux-gnu/libOgreProperty.so
[5.898s] -- Looking for OGRE_RTShaderSystem...
[6.314s] -- Found OGRE_RTShaderSystem: optimized;/usr/lib/x86_64-linux-gnu/libOgreRTShaderSystem.so;debug;/usr/lib/x86_64-linux-gnu/libOgreRTShaderSystem.so
[6.314s] -- Looking for OGRE_Volume...
[6.728s] -- Found OGRE_Volume: optimized;/usr/lib/x86_64-linux-gnu/libOgreVolume.so;debug;/usr/lib/x86_64-linux-gnu/libOgreVolume.so
[6.728s] -- Looking for OGRE_Overlay...
[7.194s] -- Found OGRE_Overlay: optimized;/usr/lib/x86_64-linux-gnu/libOgreOverlay.so;debug;/usr/lib/x86_64-linux-gnu/libOgreOverlay.so
[30.678s] -- Looking for ignition-math6 -- found version 6.15.1
[30.683s] -- Looking for ignition-transport8 -- found version 8.2.1
[30.684s] -- Searching for dependencies of ignition-transport8
[32.151s] -- Found Protobuf: /usr/lib/x86_64-linux-gnu/libprotobuf.so (found suitable version "3.12.4", minimum required is "3") 
[33.510s] -- Config-file not installed for ZeroMQ -- checking for pkg-config
[33.514s] -- Checking for module 'libzmq >= 4'
[33.533s] --   Found libzmq , version 4.3.4
[33.560s] -- Found ZeroMQ: TRUE (Required is at least version "4") 
[33.615s] -- Checking for module 'uuid'
[33.627s] --   Found uuid, version 2.37.2
[33.652s] -- Found UUID: TRUE  
[33.657s] -- Looking for ignition-msgs5 -- found version 5.8.1
[33.657s] -- Searching for dependencies of ignition-msgs5
[35.088s] -- Looking for ignition-math6 -- found version 6.15.1
[35.093s] -- Checking for module 'tinyxml2'
[35.104s] --   Found tinyxml2, version 9.0.0
[35.131s] -- Looking for ignition-msgs5 -- found version 5.8.1
[35.137s] -- Looking for ignition-common3 -- found version 3.14.0
[35.137s] -- Searching for dependencies of ignition-common3
[35.208s] -- Looking for dlfcn.h - found
[35.254s] -- Looking for libdl - found
[35.256s] -- Found DL: TRUE  
[35.360s] -- Found tinyobjloader: /usr/lib/x86_64-linux-gnu/cmake/tinyobjloader/tinyobjloader-config.cmake (found version "2.0.0") 
[35.362s] -- Searching for <ignition-common3> component [graphics]
[35.367s] -- Looking for ignition-common3-graphics -- found version 3.14.0
[35.368s] -- Searching for dependencies of ignition-common3-graphics
[35.368s] -- Looking for ignition-math6 -- found version 6.15.1
[35.374s] -- Looking for ignition-fuel_tools4 -- found version 4.4.0
[35.375s] -- Searching for dependencies of ignition-fuel_tools4
[37.065s] -- Found CURL: /usr/lib/x86_64-linux-gnu/libcurl.so (found version "7.81.0")  
[37.078s] -- Checking for module 'jsoncpp'
[37.090s] --   Found jsoncpp, version 1.9.5
[37.116s] -- Found JSONCPP: TRUE  
[37.123s] -- Checking for module 'libzip'
[37.134s] --   Found libzip, version 1.7.3
[37.159s] -- Found ZIP: TRUE  
[37.159s] -- Looking for ignition-common3 -- found version 3.14.0
[37.160s] -- Looking for ignition-math6 -- found version 6.15.1
[37.160s] -- Looking for ignition-msgs5 -- found version 5.8.1
[37.167s] -- Gazebo version: 11.10
[37.167s] -- Checking for module 'tbb'
[37.178s] --   Found tbb, version 2021.5.0
[37.209s] -- Found ros_gz_sim: 0.244.16 (/opt/ros/humble/share/ros_gz_sim/cmake)
[37.213s] -- Found ament_lint_auto: 0.12.11 (/opt/ros/humble/share/ament_lint_auto/cmake)
[37.261s] Error parsing '/home/toni/nova_ws/src/nova_gazebo/package.xml':
[37.349s] Traceback (most recent call last):
[37.350s]   File "/opt/ros/humble/share/ament_cmake_core/cmake/core/package_xml_2_cmake.py", line 150, in <module>
[37.350s]     main()
[37.350s]   File "/opt/ros/humble/share/ament_cmake_core/cmake/core/package_xml_2_cmake.py", line 53, in main
[37.350s]     raise e
[37.350s]   File "/opt/ros/humble/share/ament_cmake_core/cmake/core/package_xml_2_cmake.py", line 49, in main
[37.350s]     package = parse_package_string(
[37.350s]   File "/usr/lib/python3/dist-packages/catkin_pkg/package.py", line 786, in parse_package_string
[37.352s]     raise InvalidPackage('Error(s):%s' % (''.join(['\n- %s' % e for e in errors])), filename)
[37.352s] catkin_pkg.package.InvalidPackage: Error(s) in package '/home/toni/nova_ws/src/nova_gazebo/package.xml':
[37.352s] Error(s):
[37.352s] - The generic dependency on 'gazebo_ros' is redundant with: exec_depend
[37.353s] - The generic dependency on 'ros_gz_sim' is redundant with: exec_depend
[37.364s] [31mCMake Error at /opt/ros/humble/share/ament_cmake_core/cmake/core/ament_package_xml.cmake:95 (message):
[37.364s]   execute_process(/usr/bin/python3
[37.364s]   /opt/ros/humble/share/ament_cmake_core/cmake/core/package_xml_2_cmake.py
[37.365s]   /home/toni/nova_ws/src/nova_gazebo/package.xml
[37.365s]   /home/toni/nova_ws/build/nova_gazebo/ament_cmake_core/package.cmake)
[37.365s]   returned error code 1
[37.365s] Call Stack (most recent call first):
[37.365s]   /opt/ros/humble/share/ament_cmake_core/cmake/core/ament_package_xml.cmake:49 (_ament_package_xml)
[37.365s]   /opt/ros/humble/share/ament_lint_auto/cmake/ament_lint_auto_find_test_dependencies.cmake:31 (ament_package_xml)
[37.365s]   CMakeLists.txt:31 (ament_lint_auto_find_test_dependencies)
[37.365s] 
[37.365s] [0m
[37.365s] -- Configuring incomplete, errors occurred!
[37.365s] See also "/home/toni/nova_ws/build/nova_gazebo/CMakeFiles/CMakeOutput.log".
[37.378s] Invoked command in '/home/toni/nova_ws/build/nova_gazebo' returned '1': /usr/bin/cmake /home/toni/nova_ws/src/nova_gazebo -DCMAKE_INSTALL_PREFIX=/home/toni/nova_ws/install/nova_gazebo
