[0.022s] Invoking command in '/home/toni/nova_ws/build/nova_description': CMAKE_PREFIX_PATH=${CMAKE_PREFIX_PATH}:/home/toni/sam_ws/install/sam_bot_navigation:/opt/ros/humble /usr/bin/cmake /home/toni/nova_ws/src/nova_description -DAMENT_CMAKE_SYMLINK_INSTALL=1 -DCMAKE_INSTALL_PREFIX=/home/toni/nova_ws/install/nova_description
[0.436s] -- The C compiler identification is GNU 11.4.0
[1.098s] -- The CXX compiler identification is GNU 11.4.0
[1.538s] -- Detecting C compiler ABI info
[1.685s] -- Detecting C compiler ABI info - done
[1.691s] -- Check for working C compiler: /usr/bin/cc - skipped
[1.691s] -- Detecting C compile features
[1.691s] -- Detecting C compile features - done
[1.694s] -- Detecting CXX compiler ABI info
[1.856s] -- Detecting CXX compiler ABI info - done
[1.867s] -- Check for working CXX compiler: /usr/bin/c++ - skipped
[1.867s] -- Detecting CXX compile features
[1.868s] -- Detecting CXX compile features - done
[1.872s] -- Found ament_cmake: 1.3.11 (/opt/ros/humble/share/ament_cmake/cmake)
[2.006s] -- Found Python3: /usr/bin/python3 (found version "3.10.12") found components: Interpreter 
[2.062s] -- Override CMake install command with custom implementation using symlinks instead of copying resources
[2.094s] -- Found ament_lint_auto: 0.12.11 (/opt/ros/humble/share/ament_lint_auto/cmake)
[2.173s] -- Added test 'lint_cmake' to check CMake code style
[2.174s] -- Added test 'xmllint' to check XML markup files
[2.175s] -- Configuring done
[2.179s] -- Generating done
[2.180s] -- Build files have been written to: /home/toni/nova_ws/build/nova_description
[2.184s] Invoked command in '/home/toni/nova_ws/build/nova_description' returned '0': CMAKE_PREFIX_PATH=${CMAKE_PREFIX_PATH}:/home/toni/sam_ws/install/sam_bot_navigation:/opt/ros/humble /usr/bin/cmake /home/toni/nova_ws/src/nova_description -DAMENT_CMAKE_SYMLINK_INSTALL=1 -DCMAKE_INSTALL_PREFIX=/home/toni/nova_ws/install/nova_description
[2.185s] Invoking command in '/home/toni/nova_ws/build/nova_description': CMAKE_PREFIX_PATH=${CMAKE_PREFIX_PATH}:/home/toni/sam_ws/install/sam_bot_navigation:/opt/ros/humble /usr/bin/cmake --build /home/toni/nova_ws/build/nova_description -- -j12 -l12
[2.218s] Invoked command in '/home/toni/nova_ws/build/nova_description' returned '0': CMAKE_PREFIX_PATH=${CMAKE_PREFIX_PATH}:/home/toni/sam_ws/install/sam_bot_navigation:/opt/ros/humble /usr/bin/cmake --build /home/toni/nova_ws/build/nova_description -- -j12 -l12
[2.220s] Invoking command in '/home/toni/nova_ws/build/nova_description': CMAKE_PREFIX_PATH=${CMAKE_PREFIX_PATH}:/home/toni/sam_ws/install/sam_bot_navigation:/opt/ros/humble /usr/bin/cmake --install /home/toni/nova_ws/build/nova_description
[2.225s] -- Install configuration: ""
[2.226s] -- Execute custom install script
[2.227s] -- Symlinking: /home/toni/nova_ws/install/nova_description/share/nova_description/urdf/nova_camera.urdf
[2.233s] -- Symlinking: /home/toni/nova_ws/install/nova_description/share/nova_description/urdf/nova_depth.urdf
[2.240s] -- Symlinking: /home/toni/nova_ws/install/nova_description/share/nova_description/urdf/nova_gps.urdf
[2.247s] -- Symlinking: /home/toni/nova_ws/install/nova_description/share/ament_index/resource_index/package_run_dependencies/nova_description
[2.254s] -- Symlinking: /home/toni/nova_ws/install/nova_description/share/ament_index/resource_index/parent_prefix_path/nova_description
[2.260s] -- Symlinking: /home/toni/nova_ws/install/nova_description/share/nova_description/environment/ament_prefix_path.sh
[2.267s] -- Symlinking: /home/toni/nova_ws/install/nova_description/share/nova_description/environment/ament_prefix_path.dsv
[2.274s] -- Symlinking: /home/toni/nova_ws/install/nova_description/share/nova_description/environment/path.sh
[2.281s] -- Symlinking: /home/toni/nova_ws/install/nova_description/share/nova_description/environment/path.dsv
[2.287s] -- Symlinking: /home/toni/nova_ws/install/nova_description/share/nova_description/local_setup.bash
[2.294s] -- Symlinking: /home/toni/nova_ws/install/nova_description/share/nova_description/local_setup.sh
[2.301s] -- Symlinking: /home/toni/nova_ws/install/nova_description/share/nova_description/local_setup.zsh
[2.309s] -- Symlinking: /home/toni/nova_ws/install/nova_description/share/nova_description/local_setup.dsv
[2.316s] -- Symlinking: /home/toni/nova_ws/install/nova_description/share/nova_description/package.dsv
[2.323s] -- Symlinking: /home/toni/nova_ws/install/nova_description/share/ament_index/resource_index/packages/nova_description
[2.330s] -- Symlinking: /home/toni/nova_ws/install/nova_description/share/nova_description/cmake/nova_descriptionConfig.cmake
[2.336s] -- Symlinking: /home/toni/nova_ws/install/nova_description/share/nova_description/cmake/nova_descriptionConfig-version.cmake
[2.344s] -- Symlinking: /home/toni/nova_ws/install/nova_description/share/nova_description/package.xml
[2.357s] Invoked command in '/home/toni/nova_ws/build/nova_description' returned '0': CMAKE_PREFIX_PATH=${CMAKE_PREFIX_PATH}:/home/toni/sam_ws/install/sam_bot_navigation:/opt/ros/humble /usr/bin/cmake --install /home/toni/nova_ws/build/nova_description
