[0.017s] Invoking command in '/home/toni/nova_ws/build/nova_bringup': CMAKE_PREFIX_PATH=${CMAKE_PREFIX_PATH}:/home/toni/sam_ws/install/sam_bot_navigation:/opt/ros/humble /usr/bin/cmake --build /home/toni/nova_ws/build/nova_bringup -- -j12 -l12
[0.053s] Invoked command in '/home/toni/nova_ws/build/nova_bringup' returned '0': CMAKE_PREFIX_PATH=${CMAKE_PREFIX_PATH}:/home/toni/sam_ws/install/sam_bot_navigation:/opt/ros/humble /usr/bin/cmake --build /home/toni/nova_ws/build/nova_bringup -- -j12 -l12
[0.054s] Invoking command in '/home/toni/nova_ws/build/nova_bringup': CMAKE_PREFIX_PATH=${CMAKE_PREFIX_PATH}:/home/toni/sam_ws/install/sam_bot_navigation:/opt/ros/humble /usr/bin/cmake --install /home/toni/nova_ws/build/nova_bringup
[0.060s] -- Install configuration: ""
[0.061s] -- Execute custom install script
[0.061s] -- Symlinking: /home/toni/nova_ws/install/nova_bringup/share/nova_bringup/launch/gazebo.launch.py
[0.069s] -- Up-to-date symlink: /home/toni/nova_ws/install/nova_bringup/share/nova_bringup/launch/gps.launch.py
[0.069s] -- Up-to-date symlink: /home/toni/nova_ws/install/nova_bringup/share/nova_bringup/config/ekf.yaml
[0.069s] -- Up-to-date symlink: /home/toni/nova_ws/install/nova_bringup/share/nova_bringup/config/ekf_gps.yaml
[0.069s] -- Up-to-date symlink: /home/toni/nova_ws/install/nova_bringup/share/nova_bringup/config/ekf_gps_nav2.yaml
[0.069s] -- Up-to-date symlink: /home/toni/nova_ws/install/nova_bringup/share/nova_bringup/config/urdf_config.rviz
[0.071s] -- Up-to-date symlink: /home/toni/nova_ws/install/nova_bringup/share/ament_index/resource_index/package_run_dependencies/nova_bringup
[0.072s] -- Up-to-date symlink: /home/toni/nova_ws/install/nova_bringup/share/ament_index/resource_index/parent_prefix_path/nova_bringup
[0.072s] -- Up-to-date symlink: /home/toni/nova_ws/install/nova_bringup/share/nova_bringup/environment/ament_prefix_path.sh
[0.072s] -- Up-to-date symlink: /home/toni/nova_ws/install/nova_bringup/share/nova_bringup/environment/ament_prefix_path.dsv
[0.072s] -- Up-to-date symlink: /home/toni/nova_ws/install/nova_bringup/share/nova_bringup/environment/path.sh
[0.073s] -- Up-to-date symlink: /home/toni/nova_ws/install/nova_bringup/share/nova_bringup/environment/path.dsv
[0.073s] -- Up-to-date symlink: /home/toni/nova_ws/install/nova_bringup/share/nova_bringup/local_setup.bash
[0.073s] -- Up-to-date symlink: /home/toni/nova_ws/install/nova_bringup/share/nova_bringup/local_setup.sh
[0.073s] -- Up-to-date symlink: /home/toni/nova_ws/install/nova_bringup/share/nova_bringup/local_setup.zsh
[0.073s] -- Up-to-date symlink: /home/toni/nova_ws/install/nova_bringup/share/nova_bringup/local_setup.dsv
[0.074s] -- Symlinking: /home/toni/nova_ws/install/nova_bringup/share/nova_bringup/package.dsv
[0.078s] -- Up-to-date symlink: /home/toni/nova_ws/install/nova_bringup/share/ament_index/resource_index/packages/nova_bringup
[0.078s] -- Up-to-date symlink: /home/toni/nova_ws/install/nova_bringup/share/nova_bringup/cmake/nova_bringupConfig.cmake
[0.079s] -- Up-to-date symlink: /home/toni/nova_ws/install/nova_bringup/share/nova_bringup/cmake/nova_bringupConfig-version.cmake
[0.079s] -- Up-to-date symlink: /home/toni/nova_ws/install/nova_bringup/share/nova_bringup/package.xml
[0.095s] Invoked command in '/home/toni/nova_ws/build/nova_bringup' returned '0': CMAKE_PREFIX_PATH=${CMAKE_PREFIX_PATH}:/home/toni/sam_ws/install/sam_bot_navigation:/opt/ros/humble /usr/bin/cmake --install /home/toni/nova_ws/build/nova_bringup
