[0.220s] DEBUG:colcon:Command line arguments: ['/usr/bin/colcon', 'build', '--symlink-install']
[0.220s] DEBUG:colcon:Parsed command line arguments: Namespace(log_base=None, log_level=None, verb_name='build', build_base='build', install_base='install', merge_install=False, symlink_install=True, test_result_base=None, continue_on_error=False, executor='parallel', parallel_workers=12, event_handlers=None, ignore_user_meta=False, metas=['./colcon.meta'], base_paths=['.'], packages_ignore=None, packages_ignore_regex=None, paths=None, packages_up_to=None, packages_up_to_regex=None, packages_above=None, packages_above_and_dependencies=None, packages_above_depth=None, packages_select_by_dep=None, packages_skip_by_dep=None, packages_skip_up_to=None, packages_select_build_failed=False, packages_skip_build_finished=False, packages_select_test_failures=False, packages_skip_test_passed=False, packages_select=None, packages_skip=None, packages_select_regex=None, packages_skip_regex=None, packages_start=None, packages_end=None, allow_overriding=[], cmake_args=None, cmake_target=None, cmake_target_skip_unavailable=False, cmake_clean_cache=False, cmake_clean_first=False, cmake_force_configure=False, ament_cmake_args=None, catkin_cmake_args=None, catkin_skip_building_tests=False, mixin_files=None, mixin=None, verb_parser=<colcon_mixin.mixin.mixin_argument.MixinArgumentDecorator object at 0x7fdf5bc76560>, verb_extension=<colcon_core.verb.build.BuildVerb object at 0x7fdf5bc75f90>, main=<bound method BuildVerb.main of <colcon_core.verb.build.BuildVerb object at 0x7fdf5bc75f90>>, mixin_verb=('build',))
[0.386s] Level 1:colcon.colcon_core.package_discovery:discover_packages(colcon_meta) check parameters
[0.386s] Level 1:colcon.colcon_core.package_discovery:discover_packages(recursive) check parameters
[0.386s] Level 1:colcon.colcon_core.package_discovery:discover_packages(ignore) check parameters
[0.386s] Level 1:colcon.colcon_core.package_discovery:discover_packages(path) check parameters
[0.386s] Level 1:colcon.colcon_core.package_discovery:discover_packages(colcon_meta) discover
[0.386s] Level 1:colcon.colcon_core.package_discovery:discover_packages(recursive) discover
[0.386s] INFO:colcon.colcon_core.package_discovery:Crawling recursively for packages in '/home/toni/nova_ws'
[0.386s] Level 1:colcon.colcon_core.package_identification:_identify(.) by extensions ['ignore', 'ignore_ament_install']
[0.386s] Level 1:colcon.colcon_core.package_identification:_identify(.) by extension 'ignore'
[0.386s] Level 1:colcon.colcon_core.package_identification:_identify(.) by extension 'ignore_ament_install'
[0.386s] Level 1:colcon.colcon_core.package_identification:_identify(.) by extensions ['colcon_pkg']
[0.386s] Level 1:colcon.colcon_core.package_identification:_identify(.) by extension 'colcon_pkg'
[0.386s] Level 1:colcon.colcon_core.package_identification:_identify(.) by extensions ['colcon_meta']
[0.386s] Level 1:colcon.colcon_core.package_identification:_identify(.) by extension 'colcon_meta'
[0.386s] Level 1:colcon.colcon_core.package_identification:_identify(.) by extensions ['ros']
[0.386s] Level 1:colcon.colcon_core.package_identification:_identify(.) by extension 'ros'
[0.396s] Level 1:colcon.colcon_core.package_identification:_identify(.) by extensions ['cmake', 'python']
[0.396s] Level 1:colcon.colcon_core.package_identification:_identify(.) by extension 'cmake'
[0.396s] Level 1:colcon.colcon_core.package_identification:_identify(.) by extension 'python'
[0.396s] Level 1:colcon.colcon_core.package_identification:_identify(.) by extensions ['python_setup_py']
[0.396s] Level 1:colcon.colcon_core.package_identification:_identify(.) by extension 'python_setup_py'
[0.396s] Level 1:colcon.colcon_core.package_identification:_identify(build) by extensions ['ignore', 'ignore_ament_install']
[0.396s] Level 1:colcon.colcon_core.package_identification:_identify(build) by extension 'ignore'
[0.396s] Level 1:colcon.colcon_core.package_identification:_identify(build) ignored
[0.396s] Level 1:colcon.colcon_core.package_identification:_identify(install) by extensions ['ignore', 'ignore_ament_install']
[0.396s] Level 1:colcon.colcon_core.package_identification:_identify(install) by extension 'ignore'
[0.396s] Level 1:colcon.colcon_core.package_identification:_identify(install) ignored
[0.396s] Level 1:colcon.colcon_core.package_identification:_identify(log) by extensions ['ignore', 'ignore_ament_install']
[0.397s] Level 1:colcon.colcon_core.package_identification:_identify(log) by extension 'ignore'
[0.397s] Level 1:colcon.colcon_core.package_identification:_identify(log) ignored
[0.397s] Level 1:colcon.colcon_core.package_identification:_identify(src) by extensions ['ignore', 'ignore_ament_install']
[0.397s] Level 1:colcon.colcon_core.package_identification:_identify(src) by extension 'ignore'
[0.397s] Level 1:colcon.colcon_core.package_identification:_identify(src) by extension 'ignore_ament_install'
[0.397s] Level 1:colcon.colcon_core.package_identification:_identify(src) by extensions ['colcon_pkg']
[0.397s] Level 1:colcon.colcon_core.package_identification:_identify(src) by extension 'colcon_pkg'
[0.397s] Level 1:colcon.colcon_core.package_identification:_identify(src) by extensions ['colcon_meta']
[0.397s] Level 1:colcon.colcon_core.package_identification:_identify(src) by extension 'colcon_meta'
[0.397s] Level 1:colcon.colcon_core.package_identification:_identify(src) by extensions ['ros']
[0.397s] Level 1:colcon.colcon_core.package_identification:_identify(src) by extension 'ros'
[0.397s] Level 1:colcon.colcon_core.package_identification:_identify(src) by extensions ['cmake', 'python']
[0.397s] Level 1:colcon.colcon_core.package_identification:_identify(src) by extension 'cmake'
[0.397s] Level 1:colcon.colcon_core.package_identification:_identify(src) by extension 'python'
[0.397s] Level 1:colcon.colcon_core.package_identification:_identify(src) by extensions ['python_setup_py']
[0.397s] Level 1:colcon.colcon_core.package_identification:_identify(src) by extension 'python_setup_py'
[0.397s] Level 1:colcon.colcon_core.package_identification:_identify(src/nova_bringup) by extensions ['ignore', 'ignore_ament_install']
[0.397s] Level 1:colcon.colcon_core.package_identification:_identify(src/nova_bringup) by extension 'ignore'
[0.397s] Level 1:colcon.colcon_core.package_identification:_identify(src/nova_bringup) by extension 'ignore_ament_install'
[0.397s] Level 1:colcon.colcon_core.package_identification:_identify(src/nova_bringup) by extensions ['colcon_pkg']
[0.397s] Level 1:colcon.colcon_core.package_identification:_identify(src/nova_bringup) by extension 'colcon_pkg'
[0.397s] Level 1:colcon.colcon_core.package_identification:_identify(src/nova_bringup) by extensions ['colcon_meta']
[0.398s] Level 1:colcon.colcon_core.package_identification:_identify(src/nova_bringup) by extension 'colcon_meta'
[0.398s] Level 1:colcon.colcon_core.package_identification:_identify(src/nova_bringup) by extensions ['ros']
[0.398s] Level 1:colcon.colcon_core.package_identification:_identify(src/nova_bringup) by extension 'ros'
[0.407s] DEBUG:colcon.colcon_core.package_identification:Package 'src/nova_bringup' with type 'ros.ament_cmake' and name 'nova_bringup'
[0.407s] Level 1:colcon.colcon_core.package_identification:_identify(src/nova_description) by extensions ['ignore', 'ignore_ament_install']
[0.407s] Level 1:colcon.colcon_core.package_identification:_identify(src/nova_description) by extension 'ignore'
[0.407s] Level 1:colcon.colcon_core.package_identification:_identify(src/nova_description) by extension 'ignore_ament_install'
[0.407s] Level 1:colcon.colcon_core.package_identification:_identify(src/nova_description) by extensions ['colcon_pkg']
[0.407s] Level 1:colcon.colcon_core.package_identification:_identify(src/nova_description) by extension 'colcon_pkg'
[0.407s] Level 1:colcon.colcon_core.package_identification:_identify(src/nova_description) by extensions ['colcon_meta']
[0.407s] Level 1:colcon.colcon_core.package_identification:_identify(src/nova_description) by extension 'colcon_meta'
[0.408s] Level 1:colcon.colcon_core.package_identification:_identify(src/nova_description) by extensions ['ros']
[0.408s] Level 1:colcon.colcon_core.package_identification:_identify(src/nova_description) by extension 'ros'
[0.408s] DEBUG:colcon.colcon_core.package_identification:Package 'src/nova_description' with type 'ros.ament_cmake' and name 'nova_description'
[0.408s] Level 1:colcon.colcon_core.package_identification:_identify(src/nova_gazebo) by extensions ['ignore', 'ignore_ament_install']
[0.408s] Level 1:colcon.colcon_core.package_identification:_identify(src/nova_gazebo) by extension 'ignore'
[0.408s] Level 1:colcon.colcon_core.package_identification:_identify(src/nova_gazebo) by extension 'ignore_ament_install'
[0.408s] Level 1:colcon.colcon_core.package_identification:_identify(src/nova_gazebo) by extensions ['colcon_pkg']
[0.408s] Level 1:colcon.colcon_core.package_identification:_identify(src/nova_gazebo) by extension 'colcon_pkg'
[0.408s] Level 1:colcon.colcon_core.package_identification:_identify(src/nova_gazebo) by extensions ['colcon_meta']
[0.408s] Level 1:colcon.colcon_core.package_identification:_identify(src/nova_gazebo) by extension 'colcon_meta'
[0.409s] Level 1:colcon.colcon_core.package_identification:_identify(src/nova_gazebo) by extensions ['ros']
[0.409s] Level 1:colcon.colcon_core.package_identification:_identify(src/nova_gazebo) by extension 'ros'
[0.410s] DEBUG:colcon.colcon_core.package_identification:Found ROS schema reference in package manifest in 'src/nova_gazebo'
[0.410s] WARNING:colcon.colcon_core.package_identification:Failed to parse ROS package manifest in 'src/nova_gazebo': Error(s) in package 'src/nova_gazebo/package.xml':
Error(s):
- The generic dependency on 'gazebo_ros' is redundant with: exec_depend
- The generic dependency on 'ros_gz_sim' is redundant with: exec_depend
[0.410s] Level 1:colcon.colcon_core.package_identification:_identify(src/nova_gazebo) by extensions ['cmake', 'python']
[0.410s] Level 1:colcon.colcon_core.package_identification:_identify(src/nova_gazebo) by extension 'cmake'
[0.411s] Level 1:colcon.colcon_core.package_identification:_identify(src/nova_gazebo) by extension 'python'
[0.411s] DEBUG:colcon.colcon_core.package_identification:Package 'src/nova_gazebo' with type 'cmake' and name 'nova_gazebo'
[0.411s] Level 1:colcon.colcon_core.package_discovery:discover_packages(recursive) using defaults
[0.411s] Level 1:colcon.colcon_core.package_discovery:discover_packages(ignore) discover
[0.411s] Level 1:colcon.colcon_core.package_discovery:discover_packages(ignore) using defaults
[0.411s] Level 1:colcon.colcon_core.package_discovery:discover_packages(path) discover
[0.411s] Level 1:colcon.colcon_core.package_discovery:discover_packages(path) using defaults
[0.430s] Level 1:colcon.colcon_core.package_discovery:discover_packages(prefix_path) check parameters
[0.431s] Level 1:colcon.colcon_core.package_discovery:discover_packages(prefix_path) discover
[0.438s] DEBUG:colcon.colcon_installed_package_information.package_discovery:Found 3 installed packages in /home/toni/sam_ws/install
[0.440s] DEBUG:colcon.colcon_installed_package_information.package_discovery:Found 500 installed packages in /opt/ros/humble
[0.442s] Level 1:colcon.colcon_core.package_discovery:discover_packages(prefix_path) using defaults
[0.500s] Level 5:colcon.colcon_core.verb:set package 'nova_bringup' build argument 'cmake_args' from command line to 'None'
[0.500s] Level 5:colcon.colcon_core.verb:set package 'nova_bringup' build argument 'cmake_target' from command line to 'None'
[0.500s] Level 5:colcon.colcon_core.verb:set package 'nova_bringup' build argument 'cmake_target_skip_unavailable' from command line to 'False'
[0.500s] Level 5:colcon.colcon_core.verb:set package 'nova_bringup' build argument 'cmake_clean_cache' from command line to 'False'
[0.500s] Level 5:colcon.colcon_core.verb:set package 'nova_bringup' build argument 'cmake_clean_first' from command line to 'False'
[0.500s] Level 5:colcon.colcon_core.verb:set package 'nova_bringup' build argument 'cmake_force_configure' from command line to 'False'
[0.500s] Level 5:colcon.colcon_core.verb:set package 'nova_bringup' build argument 'ament_cmake_args' from command line to 'None'
[0.500s] Level 5:colcon.colcon_core.verb:set package 'nova_bringup' build argument 'catkin_cmake_args' from command line to 'None'
[0.500s] Level 5:colcon.colcon_core.verb:set package 'nova_bringup' build argument 'catkin_skip_building_tests' from command line to 'False'
[0.500s] DEBUG:colcon.colcon_core.verb:Building package 'nova_bringup' with the following arguments: {'ament_cmake_args': None, 'build_base': '/home/toni/nova_ws/build/nova_bringup', 'catkin_cmake_args': None, 'catkin_skip_building_tests': False, 'cmake_args': None, 'cmake_clean_cache': False, 'cmake_clean_first': False, 'cmake_force_configure': False, 'cmake_target': None, 'cmake_target_skip_unavailable': False, 'install_base': '/home/toni/nova_ws/install/nova_bringup', 'merge_install': False, 'path': '/home/toni/nova_ws/src/nova_bringup', 'symlink_install': True, 'test_result_base': None}
[0.501s] Level 5:colcon.colcon_core.verb:set package 'nova_description' build argument 'cmake_args' from command line to 'None'
[0.501s] Level 5:colcon.colcon_core.verb:set package 'nova_description' build argument 'cmake_target' from command line to 'None'
[0.501s] Level 5:colcon.colcon_core.verb:set package 'nova_description' build argument 'cmake_target_skip_unavailable' from command line to 'False'
[0.501s] Level 5:colcon.colcon_core.verb:set package 'nova_description' build argument 'cmake_clean_cache' from command line to 'False'
[0.501s] Level 5:colcon.colcon_core.verb:set package 'nova_description' build argument 'cmake_clean_first' from command line to 'False'
[0.501s] Level 5:colcon.colcon_core.verb:set package 'nova_description' build argument 'cmake_force_configure' from command line to 'False'
[0.501s] Level 5:colcon.colcon_core.verb:set package 'nova_description' build argument 'ament_cmake_args' from command line to 'None'
[0.501s] Level 5:colcon.colcon_core.verb:set package 'nova_description' build argument 'catkin_cmake_args' from command line to 'None'
[0.501s] Level 5:colcon.colcon_core.verb:set package 'nova_description' build argument 'catkin_skip_building_tests' from command line to 'False'
[0.501s] DEBUG:colcon.colcon_core.verb:Building package 'nova_description' with the following arguments: {'ament_cmake_args': None, 'build_base': '/home/toni/nova_ws/build/nova_description', 'catkin_cmake_args': None, 'catkin_skip_building_tests': False, 'cmake_args': None, 'cmake_clean_cache': False, 'cmake_clean_first': False, 'cmake_force_configure': False, 'cmake_target': None, 'cmake_target_skip_unavailable': False, 'install_base': '/home/toni/nova_ws/install/nova_description', 'merge_install': False, 'path': '/home/toni/nova_ws/src/nova_description', 'symlink_install': True, 'test_result_base': None}
[0.501s] Level 5:colcon.colcon_core.verb:set package 'nova_gazebo' build argument 'cmake_args' from command line to 'None'
[0.501s] Level 5:colcon.colcon_core.verb:set package 'nova_gazebo' build argument 'cmake_target' from command line to 'None'
[0.501s] Level 5:colcon.colcon_core.verb:set package 'nova_gazebo' build argument 'cmake_target_skip_unavailable' from command line to 'False'
[0.501s] Level 5:colcon.colcon_core.verb:set package 'nova_gazebo' build argument 'cmake_clean_cache' from command line to 'False'
[0.501s] Level 5:colcon.colcon_core.verb:set package 'nova_gazebo' build argument 'cmake_clean_first' from command line to 'False'
[0.501s] Level 5:colcon.colcon_core.verb:set package 'nova_gazebo' build argument 'cmake_force_configure' from command line to 'False'
[0.501s] Level 5:colcon.colcon_core.verb:set package 'nova_gazebo' build argument 'ament_cmake_args' from command line to 'None'
[0.501s] Level 5:colcon.colcon_core.verb:set package 'nova_gazebo' build argument 'catkin_cmake_args' from command line to 'None'
[0.501s] Level 5:colcon.colcon_core.verb:set package 'nova_gazebo' build argument 'catkin_skip_building_tests' from command line to 'False'
[0.501s] DEBUG:colcon.colcon_core.verb:Building package 'nova_gazebo' with the following arguments: {'ament_cmake_args': None, 'build_base': '/home/toni/nova_ws/build/nova_gazebo', 'catkin_cmake_args': None, 'catkin_skip_building_tests': False, 'cmake_args': None, 'cmake_clean_cache': False, 'cmake_clean_first': False, 'cmake_force_configure': False, 'cmake_target': None, 'cmake_target_skip_unavailable': False, 'install_base': '/home/toni/nova_ws/install/nova_gazebo', 'merge_install': False, 'path': '/home/toni/nova_ws/src/nova_gazebo', 'symlink_install': True, 'test_result_base': None}
[0.502s] INFO:colcon.colcon_core.executor:Executing jobs using 'parallel' executor
[0.503s] DEBUG:colcon.colcon_parallel_executor.executor.parallel:run_until_complete
[0.503s] INFO:colcon.colcon_ros.task.ament_cmake.build:Building ROS package in '/home/toni/nova_ws/src/nova_bringup' with build type 'ament_cmake'
[0.503s] INFO:colcon.colcon_cmake.task.cmake.build:Building CMake package in '/home/toni/nova_ws/src/nova_bringup'
[0.510s] INFO:colcon.colcon_core.plugin_system:Skipping extension 'colcon_core.shell.bat': Not used on non-Windows systems
[0.511s] INFO:colcon.colcon_core.shell:Skip shell extension 'powershell' for command environment: Not usable outside of PowerShell
[0.511s] DEBUG:colcon.colcon_core.shell:Skip shell extension 'dsv' for command environment
[0.515s] INFO:colcon.colcon_ros.task.ament_cmake.build:Building ROS package in '/home/toni/nova_ws/src/nova_description' with build type 'ament_cmake'
[0.516s] INFO:colcon.colcon_cmake.task.cmake.build:Building CMake package in '/home/toni/nova_ws/src/nova_description'
[0.516s] INFO:colcon.colcon_core.shell:Skip shell extension 'powershell' for command environment: Not usable outside of PowerShell
[0.516s] DEBUG:colcon.colcon_core.shell:Skip shell extension 'dsv' for command environment
[0.520s] INFO:colcon.colcon_cmake.task.cmake.build:Building CMake package in '/home/toni/nova_ws/src/nova_gazebo'
[0.520s] INFO:colcon.colcon_core.shell:Skip shell extension 'powershell' for command environment: Not usable outside of PowerShell
[0.520s] DEBUG:colcon.colcon_core.shell:Skip shell extension 'dsv' for command environment
[0.530s] DEBUG:colcon.colcon_core.event_handler.log_command:Invoking command in '/home/toni/nova_ws/build/nova_bringup': CMAKE_PREFIX_PATH=${CMAKE_PREFIX_PATH}:/home/toni/sam_ws/install/sam_bot_navigation:/opt/ros/humble /usr/bin/cmake /home/toni/nova_ws/src/nova_bringup -DAMENT_CMAKE_SYMLINK_INSTALL=1 -DCMAKE_INSTALL_PREFIX=/home/toni/nova_ws/install/nova_bringup
[0.538s] DEBUG:colcon.colcon_core.event_handler.log_command:Invoking command in '/home/toni/nova_ws/build/nova_description': CMAKE_PREFIX_PATH=${CMAKE_PREFIX_PATH}:/home/toni/sam_ws/install/sam_bot_navigation:/opt/ros/humble /usr/bin/cmake /home/toni/nova_ws/src/nova_description -DAMENT_CMAKE_SYMLINK_INSTALL=1 -DCMAKE_INSTALL_PREFIX=/home/toni/nova_ws/install/nova_description
[0.543s] DEBUG:colcon.colcon_core.event_handler.log_command:Invoking command in '/home/toni/nova_ws/build/nova_gazebo': /usr/bin/cmake /home/toni/nova_ws/src/nova_gazebo -DCMAKE_INSTALL_PREFIX=/home/toni/nova_ws/install/nova_gazebo
[2.684s] DEBUG:colcon.colcon_core.event_handler.log_command:Invoked command in '/home/toni/nova_ws/build/nova_bringup' returned '0': CMAKE_PREFIX_PATH=${CMAKE_PREFIX_PATH}:/home/toni/sam_ws/install/sam_bot_navigation:/opt/ros/humble /usr/bin/cmake /home/toni/nova_ws/src/nova_bringup -DAMENT_CMAKE_SYMLINK_INSTALL=1 -DCMAKE_INSTALL_PREFIX=/home/toni/nova_ws/install/nova_bringup
[2.686s] DEBUG:colcon.colcon_core.event_handler.log_command:Invoking command in '/home/toni/nova_ws/build/nova_bringup': CMAKE_PREFIX_PATH=${CMAKE_PREFIX_PATH}:/home/toni/sam_ws/install/sam_bot_navigation:/opt/ros/humble /usr/bin/cmake --build /home/toni/nova_ws/build/nova_bringup -- -j12 -l12
[2.700s] DEBUG:colcon.colcon_core.event_handler.log_command:Invoked command in '/home/toni/nova_ws/build/nova_description' returned '0': CMAKE_PREFIX_PATH=${CMAKE_PREFIX_PATH}:/home/toni/sam_ws/install/sam_bot_navigation:/opt/ros/humble /usr/bin/cmake /home/toni/nova_ws/src/nova_description -DAMENT_CMAKE_SYMLINK_INSTALL=1 -DCMAKE_INSTALL_PREFIX=/home/toni/nova_ws/install/nova_description
[2.702s] DEBUG:colcon.colcon_core.event_handler.log_command:Invoking command in '/home/toni/nova_ws/build/nova_description': CMAKE_PREFIX_PATH=${CMAKE_PREFIX_PATH}:/home/toni/sam_ws/install/sam_bot_navigation:/opt/ros/humble /usr/bin/cmake --build /home/toni/nova_ws/build/nova_description -- -j12 -l12
[2.719s] DEBUG:colcon.colcon_core.event_handler.log_command:Invoked command in '/home/toni/nova_ws/build/nova_bringup' returned '0': CMAKE_PREFIX_PATH=${CMAKE_PREFIX_PATH}:/home/toni/sam_ws/install/sam_bot_navigation:/opt/ros/humble /usr/bin/cmake --build /home/toni/nova_ws/build/nova_bringup -- -j12 -l12
[2.730s] DEBUG:colcon.colcon_core.event_handler.log_command:Invoking command in '/home/toni/nova_ws/build/nova_bringup': CMAKE_PREFIX_PATH=${CMAKE_PREFIX_PATH}:/home/toni/sam_ws/install/sam_bot_navigation:/opt/ros/humble /usr/bin/cmake --install /home/toni/nova_ws/build/nova_bringup
[2.734s] DEBUG:colcon.colcon_core.event_handler.log_command:Invoked command in '/home/toni/nova_ws/build/nova_description' returned '0': CMAKE_PREFIX_PATH=${CMAKE_PREFIX_PATH}:/home/toni/sam_ws/install/sam_bot_navigation:/opt/ros/humble /usr/bin/cmake --build /home/toni/nova_ws/build/nova_description -- -j12 -l12
[2.736s] DEBUG:colcon.colcon_core.event_handler.log_command:Invoking command in '/home/toni/nova_ws/build/nova_description': CMAKE_PREFIX_PATH=${CMAKE_PREFIX_PATH}:/home/toni/sam_ws/install/sam_bot_navigation:/opt/ros/humble /usr/bin/cmake --install /home/toni/nova_ws/build/nova_description
[2.846s] Level 1:colcon.colcon_core.environment:create_environment_scripts_only(nova_bringup)
[2.847s] DEBUG:colcon.colcon_core.event_handler.log_command:Invoked command in '/home/toni/nova_ws/build/nova_bringup' returned '0': CMAKE_PREFIX_PATH=${CMAKE_PREFIX_PATH}:/home/toni/sam_ws/install/sam_bot_navigation:/opt/ros/humble /usr/bin/cmake --install /home/toni/nova_ws/build/nova_bringup
[2.853s] Level 1:colcon.colcon_core.environment:checking '/home/toni/nova_ws/install/nova_bringup' for CMake module files
[2.854s] Level 1:colcon.colcon_core.environment:checking '/home/toni/nova_ws/install/nova_bringup' for CMake config files
[2.854s] Level 1:colcon.colcon_core.shell:create_environment_hook('nova_bringup', 'cmake_prefix_path')
[2.854s] INFO:colcon.colcon_core.shell:Creating environment hook '/home/toni/nova_ws/install/nova_bringup/share/nova_bringup/hook/cmake_prefix_path.ps1'
[2.855s] INFO:colcon.colcon_core.shell:Creating environment descriptor '/home/toni/nova_ws/install/nova_bringup/share/nova_bringup/hook/cmake_prefix_path.dsv'
[2.856s] INFO:colcon.colcon_core.shell:Creating environment hook '/home/toni/nova_ws/install/nova_bringup/share/nova_bringup/hook/cmake_prefix_path.sh'
[2.857s] Level 1:colcon.colcon_core.environment:checking '/home/toni/nova_ws/install/nova_bringup/bin'
[2.857s] Level 1:colcon.colcon_core.environment:checking '/home/toni/nova_ws/install/nova_bringup/lib/pkgconfig/nova_bringup.pc'
[2.857s] Level 1:colcon.colcon_core.environment:checking '/home/toni/nova_ws/install/nova_bringup/lib/python3.10/site-packages'
[2.858s] Level 1:colcon.colcon_core.environment:checking '/home/toni/nova_ws/install/nova_bringup/bin'
[2.858s] INFO:colcon.colcon_core.shell:Creating package script '/home/toni/nova_ws/install/nova_bringup/share/nova_bringup/package.ps1'
[2.859s] INFO:colcon.colcon_core.shell:Creating package descriptor '/home/toni/nova_ws/install/nova_bringup/share/nova_bringup/package.dsv'
[2.860s] INFO:colcon.colcon_core.shell:Creating package script '/home/toni/nova_ws/install/nova_bringup/share/nova_bringup/package.sh'
[2.861s] INFO:colcon.colcon_core.shell:Creating package script '/home/toni/nova_ws/install/nova_bringup/share/nova_bringup/package.bash'
[2.864s] INFO:colcon.colcon_core.shell:Creating package script '/home/toni/nova_ws/install/nova_bringup/share/nova_bringup/package.zsh'
[2.865s] Level 1:colcon.colcon_core.environment:create_file_with_runtime_dependencies(/home/toni/nova_ws/install/nova_bringup/share/colcon-core/packages/nova_bringup)
[2.866s] Level 1:colcon.colcon_core.environment:create_environment_scripts_only(nova_bringup)
[2.866s] Level 1:colcon.colcon_core.environment:checking '/home/toni/nova_ws/install/nova_bringup' for CMake module files
[2.866s] Level 1:colcon.colcon_core.environment:checking '/home/toni/nova_ws/install/nova_bringup' for CMake config files
[2.866s] Level 1:colcon.colcon_core.shell:create_environment_hook('nova_bringup', 'cmake_prefix_path')
[2.866s] INFO:colcon.colcon_core.shell:Creating environment hook '/home/toni/nova_ws/install/nova_bringup/share/nova_bringup/hook/cmake_prefix_path.ps1'
[2.867s] INFO:colcon.colcon_core.shell:Creating environment descriptor '/home/toni/nova_ws/install/nova_bringup/share/nova_bringup/hook/cmake_prefix_path.dsv'
[2.867s] INFO:colcon.colcon_core.shell:Creating environment hook '/home/toni/nova_ws/install/nova_bringup/share/nova_bringup/hook/cmake_prefix_path.sh'
[2.868s] Level 1:colcon.colcon_core.environment:checking '/home/toni/nova_ws/install/nova_bringup/bin'
[2.868s] Level 1:colcon.colcon_core.environment:checking '/home/toni/nova_ws/install/nova_bringup/lib/pkgconfig/nova_bringup.pc'
[2.868s] Level 1:colcon.colcon_core.environment:checking '/home/toni/nova_ws/install/nova_bringup/lib/python3.10/site-packages'
[2.868s] Level 1:colcon.colcon_core.environment:checking '/home/toni/nova_ws/install/nova_bringup/bin'
[2.869s] INFO:colcon.colcon_core.shell:Creating package script '/home/toni/nova_ws/install/nova_bringup/share/nova_bringup/package.ps1'
[2.869s] INFO:colcon.colcon_core.shell:Creating package descriptor '/home/toni/nova_ws/install/nova_bringup/share/nova_bringup/package.dsv'
[2.870s] INFO:colcon.colcon_core.shell:Creating package script '/home/toni/nova_ws/install/nova_bringup/share/nova_bringup/package.sh'
[2.870s] INFO:colcon.colcon_core.shell:Creating package script '/home/toni/nova_ws/install/nova_bringup/share/nova_bringup/package.bash'
[2.871s] INFO:colcon.colcon_core.shell:Creating package script '/home/toni/nova_ws/install/nova_bringup/share/nova_bringup/package.zsh'
[2.871s] Level 1:colcon.colcon_core.environment:create_file_with_runtime_dependencies(/home/toni/nova_ws/install/nova_bringup/share/colcon-core/packages/nova_bringup)
[2.873s] Level 1:colcon.colcon_core.environment:create_environment_scripts_only(nova_description)
[2.873s] Level 1:colcon.colcon_core.environment:checking '/home/toni/nova_ws/install/nova_description' for CMake module files
[2.873s] DEBUG:colcon.colcon_core.event_handler.log_command:Invoked command in '/home/toni/nova_ws/build/nova_description' returned '0': CMAKE_PREFIX_PATH=${CMAKE_PREFIX_PATH}:/home/toni/sam_ws/install/sam_bot_navigation:/opt/ros/humble /usr/bin/cmake --install /home/toni/nova_ws/build/nova_description
[2.874s] Level 1:colcon.colcon_core.environment:checking '/home/toni/nova_ws/install/nova_description' for CMake config files
[2.874s] Level 1:colcon.colcon_core.shell:create_environment_hook('nova_description', 'cmake_prefix_path')
[2.874s] INFO:colcon.colcon_core.shell:Creating environment hook '/home/toni/nova_ws/install/nova_description/share/nova_description/hook/cmake_prefix_path.ps1'
[2.875s] INFO:colcon.colcon_core.shell:Creating environment descriptor '/home/toni/nova_ws/install/nova_description/share/nova_description/hook/cmake_prefix_path.dsv'
[2.875s] INFO:colcon.colcon_core.shell:Creating environment hook '/home/toni/nova_ws/install/nova_description/share/nova_description/hook/cmake_prefix_path.sh'
[2.875s] Level 1:colcon.colcon_core.environment:checking '/home/toni/nova_ws/install/nova_description/bin'
[2.875s] Level 1:colcon.colcon_core.environment:checking '/home/toni/nova_ws/install/nova_description/lib/pkgconfig/nova_description.pc'
[2.876s] Level 1:colcon.colcon_core.environment:checking '/home/toni/nova_ws/install/nova_description/lib/python3.10/site-packages'
[2.876s] Level 1:colcon.colcon_core.environment:checking '/home/toni/nova_ws/install/nova_description/bin'
[2.876s] INFO:colcon.colcon_core.shell:Creating package script '/home/toni/nova_ws/install/nova_description/share/nova_description/package.ps1'
[2.876s] INFO:colcon.colcon_core.shell:Creating package descriptor '/home/toni/nova_ws/install/nova_description/share/nova_description/package.dsv'
[2.877s] INFO:colcon.colcon_core.shell:Creating package script '/home/toni/nova_ws/install/nova_description/share/nova_description/package.sh'
[2.877s] INFO:colcon.colcon_core.shell:Creating package script '/home/toni/nova_ws/install/nova_description/share/nova_description/package.bash'
[2.877s] INFO:colcon.colcon_core.shell:Creating package script '/home/toni/nova_ws/install/nova_description/share/nova_description/package.zsh'
[2.877s] Level 1:colcon.colcon_core.environment:create_file_with_runtime_dependencies(/home/toni/nova_ws/install/nova_description/share/colcon-core/packages/nova_description)
[2.878s] Level 1:colcon.colcon_core.environment:create_environment_scripts_only(nova_description)
[2.879s] Level 1:colcon.colcon_core.environment:checking '/home/toni/nova_ws/install/nova_description' for CMake module files
[2.879s] Level 1:colcon.colcon_core.environment:checking '/home/toni/nova_ws/install/nova_description' for CMake config files
[2.879s] Level 1:colcon.colcon_core.shell:create_environment_hook('nova_description', 'cmake_prefix_path')
[2.880s] INFO:colcon.colcon_core.shell:Creating environment hook '/home/toni/nova_ws/install/nova_description/share/nova_description/hook/cmake_prefix_path.ps1'
[2.880s] INFO:colcon.colcon_core.shell:Creating environment descriptor '/home/toni/nova_ws/install/nova_description/share/nova_description/hook/cmake_prefix_path.dsv'
[2.880s] INFO:colcon.colcon_core.shell:Creating environment hook '/home/toni/nova_ws/install/nova_description/share/nova_description/hook/cmake_prefix_path.sh'
[2.881s] Level 1:colcon.colcon_core.environment:checking '/home/toni/nova_ws/install/nova_description/bin'
[2.881s] Level 1:colcon.colcon_core.environment:checking '/home/toni/nova_ws/install/nova_description/lib/pkgconfig/nova_description.pc'
[2.881s] Level 1:colcon.colcon_core.environment:checking '/home/toni/nova_ws/install/nova_description/lib/python3.10/site-packages'
[2.881s] Level 1:colcon.colcon_core.environment:checking '/home/toni/nova_ws/install/nova_description/bin'
[2.881s] INFO:colcon.colcon_core.shell:Creating package script '/home/toni/nova_ws/install/nova_description/share/nova_description/package.ps1'
[2.882s] INFO:colcon.colcon_core.shell:Creating package descriptor '/home/toni/nova_ws/install/nova_description/share/nova_description/package.dsv'
[2.883s] INFO:colcon.colcon_core.shell:Creating package script '/home/toni/nova_ws/install/nova_description/share/nova_description/package.sh'
[2.883s] INFO:colcon.colcon_core.shell:Creating package script '/home/toni/nova_ws/install/nova_description/share/nova_description/package.bash'
[2.883s] INFO:colcon.colcon_core.shell:Creating package script '/home/toni/nova_ws/install/nova_description/share/nova_description/package.zsh'
[2.884s] Level 1:colcon.colcon_core.environment:create_file_with_runtime_dependencies(/home/toni/nova_ws/install/nova_description/share/colcon-core/packages/nova_description)
[37.898s] DEBUG:colcon.colcon_core.event_handler.log_command:Invoked command in '/home/toni/nova_ws/build/nova_gazebo' returned '1': /usr/bin/cmake /home/toni/nova_ws/src/nova_gazebo -DCMAKE_INSTALL_PREFIX=/home/toni/nova_ws/install/nova_gazebo
[37.909s] DEBUG:colcon.colcon_parallel_executor.executor.parallel:closing loop
[37.909s] DEBUG:colcon.colcon_parallel_executor.executor.parallel:loop closed
[37.909s] DEBUG:colcon.colcon_parallel_executor.executor.parallel:run_until_complete finished with '1'
[37.909s] DEBUG:colcon.colcon_core.event_reactor:joining thread
[37.972s] INFO:colcon.colcon_core.plugin_system:Skipping extension 'colcon_notification.desktop_notification.notify_send': Could not find 'notify-send'
[37.973s] INFO:colcon.colcon_core.plugin_system:Skipping extension 'colcon_notification.desktop_notification.terminal_notifier': Not used on non-Darwin systems
[37.973s] INFO:colcon.colcon_core.plugin_system:Skipping extension 'colcon_notification.desktop_notification.win32': Not used on non-Windows systems
[37.973s] INFO:colcon.colcon_notification.desktop_notification:Sending desktop notification using 'notify2'
[37.981s] DEBUG:colcon.colcon_notification.desktop_notification.notify2:Failed to initialize notify2: org.freedesktop.DBus.Error.ServiceUnknown: The name org.freedesktop.Notifications was not provided by any .service files
[37.981s] DEBUG:colcon.colcon_core.event_reactor:joined thread
[37.982s] INFO:colcon.colcon_core.shell:Creating prefix script '/home/toni/nova_ws/install/local_setup.ps1'
[37.983s] INFO:colcon.colcon_core.shell:Creating prefix util module '/home/toni/nova_ws/install/_local_setup_util_ps1.py'
[37.985s] INFO:colcon.colcon_core.shell:Creating prefix chain script '/home/toni/nova_ws/install/setup.ps1'
[37.987s] INFO:colcon.colcon_core.shell:Creating prefix script '/home/toni/nova_ws/install/local_setup.sh'
[37.988s] INFO:colcon.colcon_core.shell:Creating prefix util module '/home/toni/nova_ws/install/_local_setup_util_sh.py'
[37.988s] INFO:colcon.colcon_core.shell:Creating prefix chain script '/home/toni/nova_ws/install/setup.sh'
[37.990s] INFO:colcon.colcon_core.shell:Creating prefix script '/home/toni/nova_ws/install/local_setup.bash'
[37.991s] INFO:colcon.colcon_core.shell:Creating prefix chain script '/home/toni/nova_ws/install/setup.bash'
[37.992s] INFO:colcon.colcon_core.shell:Creating prefix script '/home/toni/nova_ws/install/local_setup.zsh'
[37.993s] INFO:colcon.colcon_core.shell:Creating prefix chain script '/home/toni/nova_ws/install/setup.zsh'
