[0.215s] DEBUG:colcon:Command line arguments: ['/usr/bin/colcon', 'build', '--symlink-install']
[0.215s] DEBUG:colcon:Parsed command line arguments: Namespace(log_base=None, log_level=None, verb_name='build', build_base='build', install_base='install', merge_install=False, symlink_install=True, test_result_base=None, continue_on_error=False, executor='parallel', parallel_workers=12, event_handlers=None, ignore_user_meta=False, metas=['./colcon.meta'], base_paths=['.'], packages_ignore=None, packages_ignore_regex=None, paths=None, packages_up_to=None, packages_up_to_regex=None, packages_above=None, packages_above_and_dependencies=None, packages_above_depth=None, packages_select_by_dep=None, packages_skip_by_dep=None, packages_skip_up_to=None, packages_select_build_failed=False, packages_skip_build_finished=False, packages_select_test_failures=False, packages_skip_test_passed=False, packages_select=None, packages_skip=None, packages_select_regex=None, packages_skip_regex=None, packages_start=None, packages_end=None, allow_overriding=[], cmake_args=None, cmake_target=None, cmake_target_skip_unavailable=False, cmake_clean_cache=False, cmake_clean_first=False, cmake_force_configure=False, ament_cmake_args=None, catkin_cmake_args=None, catkin_skip_building_tests=False, mixin_files=None, mixin=None, verb_parser=<colcon_mixin.mixin.mixin_argument.MixinArgumentDecorator object at 0x7f55e5496860>, verb_extension=<colcon_core.verb.build.BuildVerb object at 0x7f55e5496290>, main=<bound method BuildVerb.main of <colcon_core.verb.build.BuildVerb object at 0x7f55e5496290>>, mixin_verb=('build',))
[0.427s] Level 1:colcon.colcon_core.package_discovery:discover_packages(colcon_meta) check parameters
[0.428s] Level 1:colcon.colcon_core.package_discovery:discover_packages(recursive) check parameters
[0.428s] Level 1:colcon.colcon_core.package_discovery:discover_packages(ignore) check parameters
[0.428s] Level 1:colcon.colcon_core.package_discovery:discover_packages(path) check parameters
[0.428s] Level 1:colcon.colcon_core.package_discovery:discover_packages(colcon_meta) discover
[0.428s] Level 1:colcon.colcon_core.package_discovery:discover_packages(recursive) discover
[0.428s] INFO:colcon.colcon_core.package_discovery:Crawling recursively for packages in '/home/toni/nova_ws'
[0.428s] Level 1:colcon.colcon_core.package_identification:_identify(.) by extensions ['ignore', 'ignore_ament_install']
[0.428s] Level 1:colcon.colcon_core.package_identification:_identify(.) by extension 'ignore'
[0.428s] Level 1:colcon.colcon_core.package_identification:_identify(.) by extension 'ignore_ament_install'
[0.428s] Level 1:colcon.colcon_core.package_identification:_identify(.) by extensions ['colcon_pkg']
[0.428s] Level 1:colcon.colcon_core.package_identification:_identify(.) by extension 'colcon_pkg'
[0.428s] Level 1:colcon.colcon_core.package_identification:_identify(.) by extensions ['colcon_meta']
[0.428s] Level 1:colcon.colcon_core.package_identification:_identify(.) by extension 'colcon_meta'
[0.428s] Level 1:colcon.colcon_core.package_identification:_identify(.) by extensions ['ros']
[0.428s] Level 1:colcon.colcon_core.package_identification:_identify(.) by extension 'ros'
[0.438s] Level 1:colcon.colcon_core.package_identification:_identify(.) by extensions ['cmake', 'python']
[0.438s] Level 1:colcon.colcon_core.package_identification:_identify(.) by extension 'cmake'
[0.438s] Level 1:colcon.colcon_core.package_identification:_identify(.) by extension 'python'
[0.438s] Level 1:colcon.colcon_core.package_identification:_identify(.) by extensions ['python_setup_py']
[0.438s] Level 1:colcon.colcon_core.package_identification:_identify(.) by extension 'python_setup_py'
[0.438s] Level 1:colcon.colcon_core.package_identification:_identify(build) by extensions ['ignore', 'ignore_ament_install']
[0.438s] Level 1:colcon.colcon_core.package_identification:_identify(build) by extension 'ignore'
[0.438s] Level 1:colcon.colcon_core.package_identification:_identify(build) ignored
[0.438s] Level 1:colcon.colcon_core.package_identification:_identify(install) by extensions ['ignore', 'ignore_ament_install']
[0.438s] Level 1:colcon.colcon_core.package_identification:_identify(install) by extension 'ignore'
[0.438s] Level 1:colcon.colcon_core.package_identification:_identify(install) ignored
[0.438s] Level 1:colcon.colcon_core.package_identification:_identify(log) by extensions ['ignore', 'ignore_ament_install']
[0.439s] Level 1:colcon.colcon_core.package_identification:_identify(log) by extension 'ignore'
[0.439s] Level 1:colcon.colcon_core.package_identification:_identify(log) ignored
[0.439s] Level 1:colcon.colcon_core.package_identification:_identify(src) by extensions ['ignore', 'ignore_ament_install']
[0.439s] Level 1:colcon.colcon_core.package_identification:_identify(src) by extension 'ignore'
[0.439s] Level 1:colcon.colcon_core.package_identification:_identify(src) by extension 'ignore_ament_install'
[0.439s] Level 1:colcon.colcon_core.package_identification:_identify(src) by extensions ['colcon_pkg']
[0.439s] Level 1:colcon.colcon_core.package_identification:_identify(src) by extension 'colcon_pkg'
[0.439s] Level 1:colcon.colcon_core.package_identification:_identify(src) by extensions ['colcon_meta']
[0.439s] Level 1:colcon.colcon_core.package_identification:_identify(src) by extension 'colcon_meta'
[0.439s] Level 1:colcon.colcon_core.package_identification:_identify(src) by extensions ['ros']
[0.439s] Level 1:colcon.colcon_core.package_identification:_identify(src) by extension 'ros'
[0.439s] Level 1:colcon.colcon_core.package_identification:_identify(src) by extensions ['cmake', 'python']
[0.439s] Level 1:colcon.colcon_core.package_identification:_identify(src) by extension 'cmake'
[0.439s] Level 1:colcon.colcon_core.package_identification:_identify(src) by extension 'python'
[0.439s] Level 1:colcon.colcon_core.package_identification:_identify(src) by extensions ['python_setup_py']
[0.439s] Level 1:colcon.colcon_core.package_identification:_identify(src) by extension 'python_setup_py'
[0.439s] Level 1:colcon.colcon_core.package_identification:_identify(src/nova_bringup) by extensions ['ignore', 'ignore_ament_install']
[0.439s] Level 1:colcon.colcon_core.package_identification:_identify(src/nova_bringup) by extension 'ignore'
[0.439s] Level 1:colcon.colcon_core.package_identification:_identify(src/nova_bringup) by extension 'ignore_ament_install'
[0.439s] Level 1:colcon.colcon_core.package_identification:_identify(src/nova_bringup) by extensions ['colcon_pkg']
[0.440s] Level 1:colcon.colcon_core.package_identification:_identify(src/nova_bringup) by extension 'colcon_pkg'
[0.440s] Level 1:colcon.colcon_core.package_identification:_identify(src/nova_bringup) by extensions ['colcon_meta']
[0.440s] Level 1:colcon.colcon_core.package_identification:_identify(src/nova_bringup) by extension 'colcon_meta'
[0.440s] Level 1:colcon.colcon_core.package_identification:_identify(src/nova_bringup) by extensions ['ros']
[0.440s] Level 1:colcon.colcon_core.package_identification:_identify(src/nova_bringup) by extension 'ros'
[0.448s] DEBUG:colcon.colcon_core.package_identification:Package 'src/nova_bringup' with type 'ros.ament_cmake' and name 'nova_bringup'
[0.448s] Level 1:colcon.colcon_core.package_identification:_identify(src/nova_description) by extensions ['ignore', 'ignore_ament_install']
[0.449s] Level 1:colcon.colcon_core.package_identification:_identify(src/nova_description) by extension 'ignore'
[0.449s] Level 1:colcon.colcon_core.package_identification:_identify(src/nova_description) by extension 'ignore_ament_install'
[0.449s] Level 1:colcon.colcon_core.package_identification:_identify(src/nova_description) by extensions ['colcon_pkg']
[0.449s] Level 1:colcon.colcon_core.package_identification:_identify(src/nova_description) by extension 'colcon_pkg'
[0.449s] Level 1:colcon.colcon_core.package_identification:_identify(src/nova_description) by extensions ['colcon_meta']
[0.449s] Level 1:colcon.colcon_core.package_identification:_identify(src/nova_description) by extension 'colcon_meta'
[0.449s] Level 1:colcon.colcon_core.package_identification:_identify(src/nova_description) by extensions ['ros']
[0.449s] Level 1:colcon.colcon_core.package_identification:_identify(src/nova_description) by extension 'ros'
[0.449s] DEBUG:colcon.colcon_core.package_identification:Package 'src/nova_description' with type 'ros.ament_cmake' and name 'nova_description'
[0.449s] Level 1:colcon.colcon_core.package_identification:_identify(src/nova_gazebo) by extensions ['ignore', 'ignore_ament_install']
[0.449s] Level 1:colcon.colcon_core.package_identification:_identify(src/nova_gazebo) by extension 'ignore'
[0.450s] Level 1:colcon.colcon_core.package_identification:_identify(src/nova_gazebo) by extension 'ignore_ament_install'
[0.450s] Level 1:colcon.colcon_core.package_identification:_identify(src/nova_gazebo) by extensions ['colcon_pkg']
[0.450s] Level 1:colcon.colcon_core.package_identification:_identify(src/nova_gazebo) by extension 'colcon_pkg'
[0.450s] Level 1:colcon.colcon_core.package_identification:_identify(src/nova_gazebo) by extensions ['colcon_meta']
[0.450s] Level 1:colcon.colcon_core.package_identification:_identify(src/nova_gazebo) by extension 'colcon_meta'
[0.450s] Level 1:colcon.colcon_core.package_identification:_identify(src/nova_gazebo) by extensions ['ros']
[0.450s] Level 1:colcon.colcon_core.package_identification:_identify(src/nova_gazebo) by extension 'ros'
[0.450s] DEBUG:colcon.colcon_core.package_identification:Package 'src/nova_gazebo' with type 'ros.ament_cmake' and name 'nova_gazebo'
[0.451s] Level 1:colcon.colcon_core.package_discovery:discover_packages(recursive) using defaults
[0.451s] Level 1:colcon.colcon_core.package_discovery:discover_packages(ignore) discover
[0.451s] Level 1:colcon.colcon_core.package_discovery:discover_packages(ignore) using defaults
[0.451s] Level 1:colcon.colcon_core.package_discovery:discover_packages(path) discover
[0.451s] Level 1:colcon.colcon_core.package_discovery:discover_packages(path) using defaults
[0.468s] Level 1:colcon.colcon_core.package_discovery:discover_packages(prefix_path) check parameters
[0.468s] Level 1:colcon.colcon_core.package_discovery:discover_packages(prefix_path) discover
[0.469s] DEBUG:colcon.colcon_installed_package_information.package_discovery:Found 3 installed packages in /home/toni/nova_ws/install
[0.470s] DEBUG:colcon.colcon_installed_package_information.package_discovery:Found 3 installed packages in /home/toni/sam_ws/install
[0.471s] DEBUG:colcon.colcon_installed_package_information.package_discovery:Found 500 installed packages in /opt/ros/humble
[0.474s] Level 1:colcon.colcon_core.package_discovery:discover_packages(prefix_path) using defaults
[0.534s] Level 5:colcon.colcon_core.verb:set package 'nova_bringup' build argument 'cmake_args' from command line to 'None'
[0.534s] Level 5:colcon.colcon_core.verb:set package 'nova_bringup' build argument 'cmake_target' from command line to 'None'
[0.534s] Level 5:colcon.colcon_core.verb:set package 'nova_bringup' build argument 'cmake_target_skip_unavailable' from command line to 'False'
[0.534s] Level 5:colcon.colcon_core.verb:set package 'nova_bringup' build argument 'cmake_clean_cache' from command line to 'False'
[0.534s] Level 5:colcon.colcon_core.verb:set package 'nova_bringup' build argument 'cmake_clean_first' from command line to 'False'
[0.534s] Level 5:colcon.colcon_core.verb:set package 'nova_bringup' build argument 'cmake_force_configure' from command line to 'False'
[0.534s] Level 5:colcon.colcon_core.verb:set package 'nova_bringup' build argument 'ament_cmake_args' from command line to 'None'
[0.534s] Level 5:colcon.colcon_core.verb:set package 'nova_bringup' build argument 'catkin_cmake_args' from command line to 'None'
[0.534s] Level 5:colcon.colcon_core.verb:set package 'nova_bringup' build argument 'catkin_skip_building_tests' from command line to 'False'
[0.534s] DEBUG:colcon.colcon_core.verb:Building package 'nova_bringup' with the following arguments: {'ament_cmake_args': None, 'build_base': '/home/toni/nova_ws/build/nova_bringup', 'catkin_cmake_args': None, 'catkin_skip_building_tests': False, 'cmake_args': None, 'cmake_clean_cache': False, 'cmake_clean_first': False, 'cmake_force_configure': False, 'cmake_target': None, 'cmake_target_skip_unavailable': False, 'install_base': '/home/toni/nova_ws/install/nova_bringup', 'merge_install': False, 'path': '/home/toni/nova_ws/src/nova_bringup', 'symlink_install': True, 'test_result_base': None}
[0.535s] Level 5:colcon.colcon_core.verb:set package 'nova_description' build argument 'cmake_args' from command line to 'None'
[0.535s] Level 5:colcon.colcon_core.verb:set package 'nova_description' build argument 'cmake_target' from command line to 'None'
[0.535s] Level 5:colcon.colcon_core.verb:set package 'nova_description' build argument 'cmake_target_skip_unavailable' from command line to 'False'
[0.535s] Level 5:colcon.colcon_core.verb:set package 'nova_description' build argument 'cmake_clean_cache' from command line to 'False'
[0.535s] Level 5:colcon.colcon_core.verb:set package 'nova_description' build argument 'cmake_clean_first' from command line to 'False'
[0.535s] Level 5:colcon.colcon_core.verb:set package 'nova_description' build argument 'cmake_force_configure' from command line to 'False'
[0.535s] Level 5:colcon.colcon_core.verb:set package 'nova_description' build argument 'ament_cmake_args' from command line to 'None'
[0.535s] Level 5:colcon.colcon_core.verb:set package 'nova_description' build argument 'catkin_cmake_args' from command line to 'None'
[0.535s] Level 5:colcon.colcon_core.verb:set package 'nova_description' build argument 'catkin_skip_building_tests' from command line to 'False'
[0.535s] DEBUG:colcon.colcon_core.verb:Building package 'nova_description' with the following arguments: {'ament_cmake_args': None, 'build_base': '/home/toni/nova_ws/build/nova_description', 'catkin_cmake_args': None, 'catkin_skip_building_tests': False, 'cmake_args': None, 'cmake_clean_cache': False, 'cmake_clean_first': False, 'cmake_force_configure': False, 'cmake_target': None, 'cmake_target_skip_unavailable': False, 'install_base': '/home/toni/nova_ws/install/nova_description', 'merge_install': False, 'path': '/home/toni/nova_ws/src/nova_description', 'symlink_install': True, 'test_result_base': None}
[0.535s] Level 5:colcon.colcon_core.verb:set package 'nova_gazebo' build argument 'cmake_args' from command line to 'None'
[0.535s] Level 5:colcon.colcon_core.verb:set package 'nova_gazebo' build argument 'cmake_target' from command line to 'None'
[0.535s] Level 5:colcon.colcon_core.verb:set package 'nova_gazebo' build argument 'cmake_target_skip_unavailable' from command line to 'False'
[0.535s] Level 5:colcon.colcon_core.verb:set package 'nova_gazebo' build argument 'cmake_clean_cache' from command line to 'False'
[0.535s] Level 5:colcon.colcon_core.verb:set package 'nova_gazebo' build argument 'cmake_clean_first' from command line to 'False'
[0.535s] Level 5:colcon.colcon_core.verb:set package 'nova_gazebo' build argument 'cmake_force_configure' from command line to 'False'
[0.535s] Level 5:colcon.colcon_core.verb:set package 'nova_gazebo' build argument 'ament_cmake_args' from command line to 'None'
[0.535s] Level 5:colcon.colcon_core.verb:set package 'nova_gazebo' build argument 'catkin_cmake_args' from command line to 'None'
[0.535s] Level 5:colcon.colcon_core.verb:set package 'nova_gazebo' build argument 'catkin_skip_building_tests' from command line to 'False'
[0.535s] DEBUG:colcon.colcon_core.verb:Building package 'nova_gazebo' with the following arguments: {'ament_cmake_args': None, 'build_base': '/home/toni/nova_ws/build/nova_gazebo', 'catkin_cmake_args': None, 'catkin_skip_building_tests': False, 'cmake_args': None, 'cmake_clean_cache': False, 'cmake_clean_first': False, 'cmake_force_configure': False, 'cmake_target': None, 'cmake_target_skip_unavailable': False, 'install_base': '/home/toni/nova_ws/install/nova_gazebo', 'merge_install': False, 'path': '/home/toni/nova_ws/src/nova_gazebo', 'symlink_install': True, 'test_result_base': None}
[0.535s] INFO:colcon.colcon_core.executor:Executing jobs using 'parallel' executor
[0.536s] DEBUG:colcon.colcon_parallel_executor.executor.parallel:run_until_complete
[0.536s] INFO:colcon.colcon_ros.task.ament_cmake.build:Building ROS package in '/home/toni/nova_ws/src/nova_description' with build type 'ament_cmake'
[0.537s] INFO:colcon.colcon_cmake.task.cmake.build:Building CMake package in '/home/toni/nova_ws/src/nova_description'
[0.539s] INFO:colcon.colcon_core.plugin_system:Skipping extension 'colcon_core.shell.bat': Not used on non-Windows systems
[0.539s] INFO:colcon.colcon_core.shell:Skip shell extension 'powershell' for command environment: Not usable outside of PowerShell
[0.539s] DEBUG:colcon.colcon_core.shell:Skip shell extension 'dsv' for command environment
[0.543s] INFO:colcon.colcon_ros.task.ament_cmake.build:Building ROS package in '/home/toni/nova_ws/src/nova_bringup' with build type 'ament_cmake'
[0.543s] INFO:colcon.colcon_cmake.task.cmake.build:Building CMake package in '/home/toni/nova_ws/src/nova_bringup'
[0.544s] INFO:colcon.colcon_core.shell:Skip shell extension 'powershell' for command environment: Not usable outside of PowerShell
[0.544s] DEBUG:colcon.colcon_core.shell:Skip shell extension 'dsv' for command environment
[0.555s] DEBUG:colcon.colcon_core.event_handler.log_command:Invoking command in '/home/toni/nova_ws/build/nova_description': CMAKE_PREFIX_PATH=${CMAKE_PREFIX_PATH}:/home/toni/sam_ws/install/sam_bot_navigation:/opt/ros/humble /usr/bin/cmake --build /home/toni/nova_ws/build/nova_description -- -j12 -l12
[0.560s] DEBUG:colcon.colcon_core.event_handler.log_command:Invoking command in '/home/toni/nova_ws/build/nova_bringup': CMAKE_PREFIX_PATH=${CMAKE_PREFIX_PATH}:/home/toni/sam_ws/install/sam_bot_navigation:/opt/ros/humble /usr/bin/cmake --build /home/toni/nova_ws/build/nova_bringup -- -j12 -l12
[0.588s] DEBUG:colcon.colcon_core.event_handler.log_command:Invoked command in '/home/toni/nova_ws/build/nova_description' returned '0': CMAKE_PREFIX_PATH=${CMAKE_PREFIX_PATH}:/home/toni/sam_ws/install/sam_bot_navigation:/opt/ros/humble /usr/bin/cmake --build /home/toni/nova_ws/build/nova_description -- -j12 -l12
[0.595s] DEBUG:colcon.colcon_core.event_handler.log_command:Invoking command in '/home/toni/nova_ws/build/nova_description': CMAKE_PREFIX_PATH=${CMAKE_PREFIX_PATH}:/home/toni/sam_ws/install/sam_bot_navigation:/opt/ros/humble /usr/bin/cmake --install /home/toni/nova_ws/build/nova_description
[0.597s] DEBUG:colcon.colcon_core.event_handler.log_command:Invoked command in '/home/toni/nova_ws/build/nova_bringup' returned '0': CMAKE_PREFIX_PATH=${CMAKE_PREFIX_PATH}:/home/toni/sam_ws/install/sam_bot_navigation:/opt/ros/humble /usr/bin/cmake --build /home/toni/nova_ws/build/nova_bringup -- -j12 -l12
[0.598s] DEBUG:colcon.colcon_core.event_handler.log_command:Invoking command in '/home/toni/nova_ws/build/nova_bringup': CMAKE_PREFIX_PATH=${CMAKE_PREFIX_PATH}:/home/toni/sam_ws/install/sam_bot_navigation:/opt/ros/humble /usr/bin/cmake --install /home/toni/nova_ws/build/nova_bringup
[0.616s] Level 1:colcon.colcon_core.environment:create_environment_scripts_only(nova_description)
[0.617s] DEBUG:colcon.colcon_core.event_handler.log_command:Invoked command in '/home/toni/nova_ws/build/nova_description' returned '0': CMAKE_PREFIX_PATH=${CMAKE_PREFIX_PATH}:/home/toni/sam_ws/install/sam_bot_navigation:/opt/ros/humble /usr/bin/cmake --install /home/toni/nova_ws/build/nova_description
[0.620s] Level 1:colcon.colcon_core.environment:checking '/home/toni/nova_ws/install/nova_description' for CMake module files
[0.620s] Level 1:colcon.colcon_core.environment:checking '/home/toni/nova_ws/install/nova_description' for CMake config files
[0.620s] Level 1:colcon.colcon_core.shell:create_environment_hook('nova_description', 'cmake_prefix_path')
[0.620s] INFO:colcon.colcon_core.shell:Creating environment hook '/home/toni/nova_ws/install/nova_description/share/nova_description/hook/cmake_prefix_path.ps1'
[0.621s] INFO:colcon.colcon_core.shell:Creating environment descriptor '/home/toni/nova_ws/install/nova_description/share/nova_description/hook/cmake_prefix_path.dsv'
[0.621s] INFO:colcon.colcon_core.shell:Creating environment hook '/home/toni/nova_ws/install/nova_description/share/nova_description/hook/cmake_prefix_path.sh'
[0.623s] Level 1:colcon.colcon_core.environment:checking '/home/toni/nova_ws/install/nova_description/bin'
[0.623s] Level 1:colcon.colcon_core.environment:checking '/home/toni/nova_ws/install/nova_description/lib/pkgconfig/nova_description.pc'
[0.623s] Level 1:colcon.colcon_core.environment:checking '/home/toni/nova_ws/install/nova_description/lib/python3.10/site-packages'
[0.623s] Level 1:colcon.colcon_core.environment:checking '/home/toni/nova_ws/install/nova_description/bin'
[0.624s] INFO:colcon.colcon_core.shell:Creating package script '/home/toni/nova_ws/install/nova_description/share/nova_description/package.ps1'
[0.624s] INFO:colcon.colcon_core.shell:Creating package descriptor '/home/toni/nova_ws/install/nova_description/share/nova_description/package.dsv'
[0.625s] INFO:colcon.colcon_core.shell:Creating package script '/home/toni/nova_ws/install/nova_description/share/nova_description/package.sh'
[0.625s] INFO:colcon.colcon_core.shell:Creating package script '/home/toni/nova_ws/install/nova_description/share/nova_description/package.bash'
[0.626s] INFO:colcon.colcon_core.shell:Creating package script '/home/toni/nova_ws/install/nova_description/share/nova_description/package.zsh'
[0.626s] Level 1:colcon.colcon_core.environment:create_file_with_runtime_dependencies(/home/toni/nova_ws/install/nova_description/share/colcon-core/packages/nova_description)
[0.627s] Level 1:colcon.colcon_core.environment:create_environment_scripts_only(nova_description)
[0.627s] Level 1:colcon.colcon_core.environment:checking '/home/toni/nova_ws/install/nova_description' for CMake module files
[0.627s] Level 1:colcon.colcon_core.environment:checking '/home/toni/nova_ws/install/nova_description' for CMake config files
[0.628s] Level 1:colcon.colcon_core.shell:create_environment_hook('nova_description', 'cmake_prefix_path')
[0.628s] INFO:colcon.colcon_core.shell:Creating environment hook '/home/toni/nova_ws/install/nova_description/share/nova_description/hook/cmake_prefix_path.ps1'
[0.628s] INFO:colcon.colcon_core.shell:Creating environment descriptor '/home/toni/nova_ws/install/nova_description/share/nova_description/hook/cmake_prefix_path.dsv'
[0.628s] INFO:colcon.colcon_core.shell:Creating environment hook '/home/toni/nova_ws/install/nova_description/share/nova_description/hook/cmake_prefix_path.sh'
[0.629s] Level 1:colcon.colcon_core.environment:checking '/home/toni/nova_ws/install/nova_description/bin'
[0.629s] Level 1:colcon.colcon_core.environment:checking '/home/toni/nova_ws/install/nova_description/lib/pkgconfig/nova_description.pc'
[0.629s] Level 1:colcon.colcon_core.environment:checking '/home/toni/nova_ws/install/nova_description/lib/python3.10/site-packages'
[0.629s] Level 1:colcon.colcon_core.environment:checking '/home/toni/nova_ws/install/nova_description/bin'
[0.629s] INFO:colcon.colcon_core.shell:Creating package script '/home/toni/nova_ws/install/nova_description/share/nova_description/package.ps1'
[0.630s] INFO:colcon.colcon_core.shell:Creating package descriptor '/home/toni/nova_ws/install/nova_description/share/nova_description/package.dsv'
[0.630s] INFO:colcon.colcon_core.shell:Creating package script '/home/toni/nova_ws/install/nova_description/share/nova_description/package.sh'
[0.630s] INFO:colcon.colcon_core.shell:Creating package script '/home/toni/nova_ws/install/nova_description/share/nova_description/package.bash'
[0.631s] INFO:colcon.colcon_core.shell:Creating package script '/home/toni/nova_ws/install/nova_description/share/nova_description/package.zsh'
[0.631s] Level 1:colcon.colcon_core.environment:create_file_with_runtime_dependencies(/home/toni/nova_ws/install/nova_description/share/colcon-core/packages/nova_description)
[0.632s] INFO:colcon.colcon_ros.task.ament_cmake.build:Building ROS package in '/home/toni/nova_ws/src/nova_gazebo' with build type 'ament_cmake'
[0.632s] INFO:colcon.colcon_cmake.task.cmake.build:Building CMake package in '/home/toni/nova_ws/src/nova_gazebo'
[0.632s] INFO:colcon.colcon_core.shell:Skip shell extension 'powershell' for command environment: Not usable outside of PowerShell
[0.632s] DEBUG:colcon.colcon_core.shell:Skip shell extension 'dsv' for command environment
[0.638s] Level 1:colcon.colcon_core.environment:create_environment_scripts_only(nova_bringup)
[0.638s] Level 1:colcon.colcon_core.environment:checking '/home/toni/nova_ws/install/nova_bringup' for CMake module files
[0.639s] DEBUG:colcon.colcon_core.event_handler.log_command:Invoked command in '/home/toni/nova_ws/build/nova_bringup' returned '0': CMAKE_PREFIX_PATH=${CMAKE_PREFIX_PATH}:/home/toni/sam_ws/install/sam_bot_navigation:/opt/ros/humble /usr/bin/cmake --install /home/toni/nova_ws/build/nova_bringup
[0.639s] Level 1:colcon.colcon_core.environment:checking '/home/toni/nova_ws/install/nova_bringup' for CMake config files
[0.639s] Level 1:colcon.colcon_core.shell:create_environment_hook('nova_bringup', 'cmake_prefix_path')
[0.640s] INFO:colcon.colcon_core.shell:Creating environment hook '/home/toni/nova_ws/install/nova_bringup/share/nova_bringup/hook/cmake_prefix_path.ps1'
[0.640s] INFO:colcon.colcon_core.shell:Creating environment descriptor '/home/toni/nova_ws/install/nova_bringup/share/nova_bringup/hook/cmake_prefix_path.dsv'
[0.641s] INFO:colcon.colcon_core.shell:Creating environment hook '/home/toni/nova_ws/install/nova_bringup/share/nova_bringup/hook/cmake_prefix_path.sh'
[0.641s] Level 1:colcon.colcon_core.environment:checking '/home/toni/nova_ws/install/nova_bringup/bin'
[0.642s] Level 1:colcon.colcon_core.environment:checking '/home/toni/nova_ws/install/nova_bringup/lib/pkgconfig/nova_bringup.pc'
[0.642s] Level 1:colcon.colcon_core.environment:checking '/home/toni/nova_ws/install/nova_bringup/lib/python3.10/site-packages'
[0.642s] Level 1:colcon.colcon_core.environment:checking '/home/toni/nova_ws/install/nova_bringup/bin'
[0.643s] INFO:colcon.colcon_core.shell:Creating package script '/home/toni/nova_ws/install/nova_bringup/share/nova_bringup/package.ps1'
[0.643s] INFO:colcon.colcon_core.shell:Creating package descriptor '/home/toni/nova_ws/install/nova_bringup/share/nova_bringup/package.dsv'
[0.644s] INFO:colcon.colcon_core.shell:Creating package script '/home/toni/nova_ws/install/nova_bringup/share/nova_bringup/package.sh'
[0.644s] INFO:colcon.colcon_core.shell:Creating package script '/home/toni/nova_ws/install/nova_bringup/share/nova_bringup/package.bash'
[0.645s] INFO:colcon.colcon_core.shell:Creating package script '/home/toni/nova_ws/install/nova_bringup/share/nova_bringup/package.zsh'
[0.645s] Level 1:colcon.colcon_core.environment:create_file_with_runtime_dependencies(/home/toni/nova_ws/install/nova_bringup/share/colcon-core/packages/nova_bringup)
[0.646s] Level 1:colcon.colcon_core.environment:create_environment_scripts_only(nova_bringup)
[0.646s] Level 1:colcon.colcon_core.environment:checking '/home/toni/nova_ws/install/nova_bringup' for CMake module files
[0.647s] Level 1:colcon.colcon_core.environment:checking '/home/toni/nova_ws/install/nova_bringup' for CMake config files
[0.647s] Level 1:colcon.colcon_core.shell:create_environment_hook('nova_bringup', 'cmake_prefix_path')
[0.647s] INFO:colcon.colcon_core.shell:Creating environment hook '/home/toni/nova_ws/install/nova_bringup/share/nova_bringup/hook/cmake_prefix_path.ps1'
[0.648s] INFO:colcon.colcon_core.shell:Creating environment descriptor '/home/toni/nova_ws/install/nova_bringup/share/nova_bringup/hook/cmake_prefix_path.dsv'
[0.648s] INFO:colcon.colcon_core.shell:Creating environment hook '/home/toni/nova_ws/install/nova_bringup/share/nova_bringup/hook/cmake_prefix_path.sh'
[0.649s] Level 1:colcon.colcon_core.environment:checking '/home/toni/nova_ws/install/nova_bringup/bin'
[0.649s] Level 1:colcon.colcon_core.environment:checking '/home/toni/nova_ws/install/nova_bringup/lib/pkgconfig/nova_bringup.pc'
[0.650s] Level 1:colcon.colcon_core.environment:checking '/home/toni/nova_ws/install/nova_bringup/lib/python3.10/site-packages'
[0.650s] Level 1:colcon.colcon_core.environment:checking '/home/toni/nova_ws/install/nova_bringup/bin'
[0.650s] INFO:colcon.colcon_core.shell:Creating package script '/home/toni/nova_ws/install/nova_bringup/share/nova_bringup/package.ps1'
[0.651s] INFO:colcon.colcon_core.shell:Creating package descriptor '/home/toni/nova_ws/install/nova_bringup/share/nova_bringup/package.dsv'
[0.651s] INFO:colcon.colcon_core.shell:Creating package script '/home/toni/nova_ws/install/nova_bringup/share/nova_bringup/package.sh'
[0.652s] INFO:colcon.colcon_core.shell:Creating package script '/home/toni/nova_ws/install/nova_bringup/share/nova_bringup/package.bash'
[0.652s] INFO:colcon.colcon_core.shell:Creating package script '/home/toni/nova_ws/install/nova_bringup/share/nova_bringup/package.zsh'
[0.652s] Level 1:colcon.colcon_core.environment:create_file_with_runtime_dependencies(/home/toni/nova_ws/install/nova_bringup/share/colcon-core/packages/nova_bringup)
[0.694s] DEBUG:colcon.colcon_core.event_handler.log_command:Invoking command in '/home/toni/nova_ws/build/nova_gazebo': CMAKE_PREFIX_PATH=/home/toni/nova_ws/install/nova_description:/home/toni/nova_ws/install/nova_gazebo:/home/toni/nova_ws/install/nova_bringup:/home/toni/sam_ws/install/sam_bot_bringup:/home/toni/sam_ws/install/sam_bot_description:/home/toni/sam_ws/install/sam_bot_navigation:/opt/ros/humble /usr/bin/cmake --build /home/toni/nova_ws/build/nova_gazebo -- -j12 -l12
[0.726s] DEBUG:colcon.colcon_core.event_handler.log_command:Invoked command in '/home/toni/nova_ws/build/nova_gazebo' returned '0': CMAKE_PREFIX_PATH=/home/toni/nova_ws/install/nova_description:/home/toni/nova_ws/install/nova_gazebo:/home/toni/nova_ws/install/nova_bringup:/home/toni/sam_ws/install/sam_bot_bringup:/home/toni/sam_ws/install/sam_bot_description:/home/toni/sam_ws/install/sam_bot_navigation:/opt/ros/humble /usr/bin/cmake --build /home/toni/nova_ws/build/nova_gazebo -- -j12 -l12
[0.728s] DEBUG:colcon.colcon_core.event_handler.log_command:Invoking command in '/home/toni/nova_ws/build/nova_gazebo': CMAKE_PREFIX_PATH=/home/toni/nova_ws/install/nova_description:/home/toni/nova_ws/install/nova_gazebo:/home/toni/nova_ws/install/nova_bringup:/home/toni/sam_ws/install/sam_bot_bringup:/home/toni/sam_ws/install/sam_bot_description:/home/toni/sam_ws/install/sam_bot_navigation:/opt/ros/humble /usr/bin/cmake --install /home/toni/nova_ws/build/nova_gazebo
[0.744s] Level 1:colcon.colcon_core.environment:create_environment_scripts_only(nova_gazebo)
[0.745s] Level 1:colcon.colcon_core.environment:checking '/home/toni/nova_ws/install/nova_gazebo' for CMake module files
[0.745s] DEBUG:colcon.colcon_core.event_handler.log_command:Invoked command in '/home/toni/nova_ws/build/nova_gazebo' returned '0': CMAKE_PREFIX_PATH=/home/toni/nova_ws/install/nova_description:/home/toni/nova_ws/install/nova_gazebo:/home/toni/nova_ws/install/nova_bringup:/home/toni/sam_ws/install/sam_bot_bringup:/home/toni/sam_ws/install/sam_bot_description:/home/toni/sam_ws/install/sam_bot_navigation:/opt/ros/humble /usr/bin/cmake --install /home/toni/nova_ws/build/nova_gazebo
[0.746s] Level 1:colcon.colcon_core.environment:checking '/home/toni/nova_ws/install/nova_gazebo' for CMake config files
[0.746s] Level 1:colcon.colcon_core.shell:create_environment_hook('nova_gazebo', 'cmake_prefix_path')
[0.746s] INFO:colcon.colcon_core.shell:Creating environment hook '/home/toni/nova_ws/install/nova_gazebo/share/nova_gazebo/hook/cmake_prefix_path.ps1'
[0.747s] INFO:colcon.colcon_core.shell:Creating environment descriptor '/home/toni/nova_ws/install/nova_gazebo/share/nova_gazebo/hook/cmake_prefix_path.dsv'
[0.747s] INFO:colcon.colcon_core.shell:Creating environment hook '/home/toni/nova_ws/install/nova_gazebo/share/nova_gazebo/hook/cmake_prefix_path.sh'
[0.748s] Level 1:colcon.colcon_core.environment:checking '/home/toni/nova_ws/install/nova_gazebo/bin'
[0.748s] Level 1:colcon.colcon_core.environment:checking '/home/toni/nova_ws/install/nova_gazebo/lib/pkgconfig/nova_gazebo.pc'
[0.748s] Level 1:colcon.colcon_core.environment:checking '/home/toni/nova_ws/install/nova_gazebo/lib/python3.10/site-packages'
[0.748s] Level 1:colcon.colcon_core.environment:checking '/home/toni/nova_ws/install/nova_gazebo/bin'
[0.749s] INFO:colcon.colcon_core.shell:Creating package script '/home/toni/nova_ws/install/nova_gazebo/share/nova_gazebo/package.ps1'
[0.749s] INFO:colcon.colcon_core.shell:Creating package descriptor '/home/toni/nova_ws/install/nova_gazebo/share/nova_gazebo/package.dsv'
[0.750s] INFO:colcon.colcon_core.shell:Creating package script '/home/toni/nova_ws/install/nova_gazebo/share/nova_gazebo/package.sh'
[0.750s] INFO:colcon.colcon_core.shell:Creating package script '/home/toni/nova_ws/install/nova_gazebo/share/nova_gazebo/package.bash'
[0.751s] INFO:colcon.colcon_core.shell:Creating package script '/home/toni/nova_ws/install/nova_gazebo/share/nova_gazebo/package.zsh'
[0.751s] Level 1:colcon.colcon_core.environment:create_file_with_runtime_dependencies(/home/toni/nova_ws/install/nova_gazebo/share/colcon-core/packages/nova_gazebo)
[0.752s] Level 1:colcon.colcon_core.environment:create_environment_scripts_only(nova_gazebo)
[0.752s] Level 1:colcon.colcon_core.environment:checking '/home/toni/nova_ws/install/nova_gazebo' for CMake module files
[0.752s] Level 1:colcon.colcon_core.environment:checking '/home/toni/nova_ws/install/nova_gazebo' for CMake config files
[0.752s] Level 1:colcon.colcon_core.shell:create_environment_hook('nova_gazebo', 'cmake_prefix_path')
[0.753s] INFO:colcon.colcon_core.shell:Creating environment hook '/home/toni/nova_ws/install/nova_gazebo/share/nova_gazebo/hook/cmake_prefix_path.ps1'
[0.753s] INFO:colcon.colcon_core.shell:Creating environment descriptor '/home/toni/nova_ws/install/nova_gazebo/share/nova_gazebo/hook/cmake_prefix_path.dsv'
[0.753s] INFO:colcon.colcon_core.shell:Creating environment hook '/home/toni/nova_ws/install/nova_gazebo/share/nova_gazebo/hook/cmake_prefix_path.sh'
[0.754s] Level 1:colcon.colcon_core.environment:checking '/home/toni/nova_ws/install/nova_gazebo/bin'
[0.754s] Level 1:colcon.colcon_core.environment:checking '/home/toni/nova_ws/install/nova_gazebo/lib/pkgconfig/nova_gazebo.pc'
[0.754s] Level 1:colcon.colcon_core.environment:checking '/home/toni/nova_ws/install/nova_gazebo/lib/python3.10/site-packages'
[0.754s] Level 1:colcon.colcon_core.environment:checking '/home/toni/nova_ws/install/nova_gazebo/bin'
[0.755s] INFO:colcon.colcon_core.shell:Creating package script '/home/toni/nova_ws/install/nova_gazebo/share/nova_gazebo/package.ps1'
[0.755s] INFO:colcon.colcon_core.shell:Creating package descriptor '/home/toni/nova_ws/install/nova_gazebo/share/nova_gazebo/package.dsv'
[0.756s] INFO:colcon.colcon_core.shell:Creating package script '/home/toni/nova_ws/install/nova_gazebo/share/nova_gazebo/package.sh'
[0.756s] INFO:colcon.colcon_core.shell:Creating package script '/home/toni/nova_ws/install/nova_gazebo/share/nova_gazebo/package.bash'
[0.757s] INFO:colcon.colcon_core.shell:Creating package script '/home/toni/nova_ws/install/nova_gazebo/share/nova_gazebo/package.zsh'
[0.757s] Level 1:colcon.colcon_core.environment:create_file_with_runtime_dependencies(/home/toni/nova_ws/install/nova_gazebo/share/colcon-core/packages/nova_gazebo)
[0.757s] DEBUG:colcon.colcon_parallel_executor.executor.parallel:closing loop
[0.757s] DEBUG:colcon.colcon_parallel_executor.executor.parallel:loop closed
[0.757s] DEBUG:colcon.colcon_parallel_executor.executor.parallel:run_until_complete finished with '0'
[0.758s] DEBUG:colcon.colcon_core.event_reactor:joining thread
[0.804s] INFO:colcon.colcon_core.plugin_system:Skipping extension 'colcon_notification.desktop_notification.notify_send': Could not find 'notify-send'
[0.804s] INFO:colcon.colcon_core.plugin_system:Skipping extension 'colcon_notification.desktop_notification.terminal_notifier': Not used on non-Darwin systems
[0.804s] INFO:colcon.colcon_core.plugin_system:Skipping extension 'colcon_notification.desktop_notification.win32': Not used on non-Windows systems
[0.804s] INFO:colcon.colcon_notification.desktop_notification:Sending desktop notification using 'notify2'
[0.811s] DEBUG:colcon.colcon_notification.desktop_notification.notify2:Failed to initialize notify2: org.freedesktop.DBus.Error.ServiceUnknown: The name org.freedesktop.Notifications was not provided by any .service files
[0.811s] DEBUG:colcon.colcon_core.event_reactor:joined thread
[0.812s] INFO:colcon.colcon_core.shell:Creating prefix script '/home/toni/nova_ws/install/local_setup.ps1'
[0.813s] INFO:colcon.colcon_core.shell:Creating prefix util module '/home/toni/nova_ws/install/_local_setup_util_ps1.py'
[0.814s] INFO:colcon.colcon_core.shell:Creating prefix chain script '/home/toni/nova_ws/install/setup.ps1'
[0.815s] INFO:colcon.colcon_core.shell:Creating prefix script '/home/toni/nova_ws/install/local_setup.sh'
[0.815s] INFO:colcon.colcon_core.shell:Creating prefix util module '/home/toni/nova_ws/install/_local_setup_util_sh.py'
[0.816s] INFO:colcon.colcon_core.shell:Creating prefix chain script '/home/toni/nova_ws/install/setup.sh'
[0.817s] INFO:colcon.colcon_core.shell:Creating prefix script '/home/toni/nova_ws/install/local_setup.bash'
[0.817s] INFO:colcon.colcon_core.shell:Creating prefix chain script '/home/toni/nova_ws/install/setup.bash'
[0.818s] INFO:colcon.colcon_core.shell:Creating prefix script '/home/toni/nova_ws/install/local_setup.zsh'
[0.819s] INFO:colcon.colcon_core.shell:Creating prefix chain script '/home/toni/nova_ws/install/setup.zsh'
