-- Found ament_cmake: 1.3.11 (/opt/ros/humble/share/ament_cmake/cmake)
-- Override CMake install command with custom implementation using symlinks instead of copying resources
-- Found ament_lint_auto: 0.12.11 (/opt/ros/humble/share/ament_lint_auto/cmake)
-- Added test 'flake8' to check Python code syntax and style conventions
-- Added test 'lint_cmake' to check CMake code style
-- Added test 'pep257' to check Python code against some of the docstring style conventions in PEP 257
-- Added test 'xmllint' to check XML markup files
-- Configuring done
-- Generating done
-- Build files have been written to: /home/toni/nova_ws/build/nova_bringup
-- Install configuration: ""
-- Execute custom install script
-- Symlinking: /home/toni/nova_ws/install/nova_bringup/share/nova_bringup/launch/gps.launch.py
-- Symlinking: /home/toni/nova_ws/install/nova_bringup/share/nova_bringup/config/ekf.yaml
-- Symlinking: /home/toni/nova_ws/install/nova_bringup/share/nova_bringup/config/ekf_gps.yaml
-- Symlinking: /home/toni/nova_ws/install/nova_bringup/share/nova_bringup/config/ekf_gps_nav2.yaml
-- Symlinking: /home/toni/nova_ws/install/nova_bringup/share/nova_bringup/config/urdf_config.rviz
-- Up-to-date symlink: /home/toni/nova_ws/install/nova_bringup/share/ament_index/resource_index/package_run_dependencies/nova_bringup
-- Up-to-date symlink: /home/toni/nova_ws/install/nova_bringup/share/ament_index/resource_index/parent_prefix_path/nova_bringup
-- Up-to-date symlink: /home/toni/nova_ws/install/nova_bringup/share/nova_bringup/environment/ament_prefix_path.sh
-- Up-to-date symlink: /home/toni/nova_ws/install/nova_bringup/share/nova_bringup/environment/ament_prefix_path.dsv
-- Up-to-date symlink: /home/toni/nova_ws/install/nova_bringup/share/nova_bringup/environment/path.sh
-- Up-to-date symlink: /home/toni/nova_ws/install/nova_bringup/share/nova_bringup/environment/path.dsv
-- Up-to-date symlink: /home/toni/nova_ws/install/nova_bringup/share/nova_bringup/local_setup.bash
-- Up-to-date symlink: /home/toni/nova_ws/install/nova_bringup/share/nova_bringup/local_setup.sh
-- Up-to-date symlink: /home/toni/nova_ws/install/nova_bringup/share/nova_bringup/local_setup.zsh
-- Up-to-date symlink: /home/toni/nova_ws/install/nova_bringup/share/nova_bringup/local_setup.dsv
-- Symlinking: /home/toni/nova_ws/install/nova_bringup/share/nova_bringup/package.dsv
-- Up-to-date symlink: /home/toni/nova_ws/install/nova_bringup/share/ament_index/resource_index/packages/nova_bringup
-- Up-to-date symlink: /home/toni/nova_ws/install/nova_bringup/share/nova_bringup/cmake/nova_bringupConfig.cmake
-- Up-to-date symlink: /home/toni/nova_ws/install/nova_bringup/share/nova_bringup/cmake/nova_bringupConfig-version.cmake
-- Up-to-date symlink: /home/toni/nova_ws/install/nova_bringup/share/nova_bringup/package.xml
