[0.018s] Invoking command in '/home/toni/nova_ws/build/nova_bringup': CMAKE_PREFIX_PATH=${CMAKE_PREFIX_PATH}:/home/toni/sam_ws/install/sam_bot_navigation:/opt/ros/humble /usr/bin/cmake --build /home/toni/nova_ws/build/nova_bringup -- -j12 -l12
[0.036s] -- Found ament_cmake: 1.3.11 (/opt/ros/humble/share/ament_cmake/cmake)
[0.149s] -- Override CMake install command with custom implementation using symlinks instead of copying resources
[0.154s] -- Found ament_lint_auto: 0.12.11 (/opt/ros/humble/share/ament_lint_auto/cmake)
[0.225s] -- Added test 'flake8' to check Python code syntax and style conventions
[0.226s] -- Added test 'lint_cmake' to check CMake code style
[0.226s] -- Added test 'pep257' to check Python code against some of the docstring style conventions in PEP 257
[0.227s] -- Added test 'xmllint' to check XML markup files
[0.228s] -- Configuring done
[0.230s] -- Generating done
[0.232s] -- Build files have been written to: /home/toni/nova_ws/build/nova_bringup
[0.251s] Invoked command in '/home/toni/nova_ws/build/nova_bringup' returned '0': CMAKE_PREFIX_PATH=${CMAKE_PREFIX_PATH}:/home/toni/sam_ws/install/sam_bot_navigation:/opt/ros/humble /usr/bin/cmake --build /home/toni/nova_ws/build/nova_bringup -- -j12 -l12
[0.252s] Invoking command in '/home/toni/nova_ws/build/nova_bringup': CMAKE_PREFIX_PATH=${CMAKE_PREFIX_PATH}:/home/toni/sam_ws/install/sam_bot_navigation:/opt/ros/humble /usr/bin/cmake --install /home/toni/nova_ws/build/nova_bringup
[0.258s] -- Install configuration: ""
[0.258s] -- Execute custom install script
[0.259s] -- Symlinking: /home/toni/nova_ws/install/nova_bringup/share/nova_bringup/launch/gps.launch.py
[0.267s] -- Symlinking: /home/toni/nova_ws/install/nova_bringup/share/nova_bringup/config/ekf.yaml
[0.274s] -- Symlinking: /home/toni/nova_ws/install/nova_bringup/share/nova_bringup/config/ekf_gps.yaml
[0.281s] -- Symlinking: /home/toni/nova_ws/install/nova_bringup/share/nova_bringup/config/ekf_gps_nav2.yaml
[0.288s] -- Symlinking: /home/toni/nova_ws/install/nova_bringup/share/nova_bringup/config/urdf_config.rviz
[0.296s] -- Up-to-date symlink: /home/toni/nova_ws/install/nova_bringup/share/ament_index/resource_index/package_run_dependencies/nova_bringup
[0.296s] -- Up-to-date symlink: /home/toni/nova_ws/install/nova_bringup/share/ament_index/resource_index/parent_prefix_path/nova_bringup
[0.296s] -- Up-to-date symlink: /home/toni/nova_ws/install/nova_bringup/share/nova_bringup/environment/ament_prefix_path.sh
[0.297s] -- Up-to-date symlink: /home/toni/nova_ws/install/nova_bringup/share/nova_bringup/environment/ament_prefix_path.dsv
[0.297s] -- Up-to-date symlink: /home/toni/nova_ws/install/nova_bringup/share/nova_bringup/environment/path.sh
[0.297s] -- Up-to-date symlink: /home/toni/nova_ws/install/nova_bringup/share/nova_bringup/environment/path.dsv
[0.297s] -- Up-to-date symlink: /home/toni/nova_ws/install/nova_bringup/share/nova_bringup/local_setup.bash
[0.298s] -- Up-to-date symlink: /home/toni/nova_ws/install/nova_bringup/share/nova_bringup/local_setup.sh
[0.298s] -- Up-to-date symlink: /home/toni/nova_ws/install/nova_bringup/share/nova_bringup/local_setup.zsh
[0.298s] -- Up-to-date symlink: /home/toni/nova_ws/install/nova_bringup/share/nova_bringup/local_setup.dsv
[0.298s] -- Symlinking: /home/toni/nova_ws/install/nova_bringup/share/nova_bringup/package.dsv
[0.310s] -- Up-to-date symlink: /home/toni/nova_ws/install/nova_bringup/share/ament_index/resource_index/packages/nova_bringup
[0.310s] -- Up-to-date symlink: /home/toni/nova_ws/install/nova_bringup/share/nova_bringup/cmake/nova_bringupConfig.cmake
[0.311s] -- Up-to-date symlink: /home/toni/nova_ws/install/nova_bringup/share/nova_bringup/cmake/nova_bringupConfig-version.cmake
[0.311s] -- Up-to-date symlink: /home/toni/nova_ws/install/nova_bringup/share/nova_bringup/package.xml
[0.314s] Invoked command in '/home/toni/nova_ws/build/nova_bringup' returned '0': CMAKE_PREFIX_PATH=${CMAKE_PREFIX_PATH}:/home/toni/sam_ws/install/sam_bot_navigation:/opt/ros/humble /usr/bin/cmake --install /home/toni/nova_ws/build/nova_bringup
